
+-+-+-+-+-+-+
|C|E|I|N|M|S|
+-+-+-+-+-+-+-+-+-+-+
|C|a|l|i|b|r|a|t|e|d|
+-+-+-+-+-+-+-+-+-+-+-+-+
|E|M|G|-|I|n|f|o|r|m|e|d|
+-+-+-+-+-+-+-+-+-+-+-+-+-+-+-+-+-+-+-+-+
|N|e|u|r|o|m|u|s|c|u|l|o|s|k|e|l|e|t|a|l|
+-+-+-+-+-+-+-+-+-+-+-+-+-+-+-+-+-+-+-+-+
|T|o|o|l|b|o|x|
+-+-+-+-+-+-+-+

CEINMScalibrate version 0.21.0
Copyright (C) Apr 29 2020
Claudio Pizzolato, Monica Reggiani, Massimo Sartori, David Lloyd
Software developers: Claudio Pizzolato, Monica Reggiani
readNMSmodelCfg
boost::filesystem::canonical: No such file or directory: "E:\3-PhD\Data\MocapData\ElaboratedData\009\pre\ceinms\calibration\.\calibratedSubject.xml"Reading subject file: E:\3-PhD\Data\MocapData\ElaboratedData\009\pre\ceinms\calibration\uncalibrated.xml .
Contact model found
Calibration configuration
 - Algorithm
 -- Simulated Annealing
 --- noEpsilon 4
 --- NS 15
 --- NT 5
 --- maxNoEval 200000
 --- rt 0.3
 --- T 200000
 --- epsilon 1e-05
 - NMSmodel
 - CalibrationSteps
 -- Step
 Objective Function: TorqueErrorNormalised
 - Targets Type: Torque
 - Targets: all 
 - Weight: 1
 - Exponent: 1
 Objective Function: Penalty
 - Targets Type: Normalised Fibre Length
 - Targets: all 
 - Weight: 100
 - Exponent: 2
 - Range: 0.6, 1.4
 - Trials
 -- E:\3-PhD\Data\MocapData\ElaboratedData\009\pre\ceinms\calibration\..\trials\RunA1.xml


Reading subject file: E:\3-PhD\Data\MocapData\ElaboratedData\009\pre\ceinms\calibration\uncalibrated.xml .
activeForceLength
passiveForceLength
forceVelocity
tendonForceStrain
Assuming addbrev_r pennation angle in radians: 0.114781
Assuming addlong_r pennation angle in radians: 0.13777
Assuming addmagDist_r pennation angle in radians: 0.194705
Assuming addmagIsch_r pennation angle in radians: 0.168044
Assuming addmagMid_r pennation angle in radians: 0.207308
Assuming addmagProx_r pennation angle in radians: 0.311483
Assuming bflh_r pennation angle in radians: 0.175918
Assuming bfsh_r pennation angle in radians: 0.264223
Assuming edl_r pennation angle in radians: 0.218258
Assuming ehl_r pennation angle in radians: 0.197268
Assuming fdl_r pennation angle in radians: 0.224839
Assuming fhl_r pennation angle in radians: 0.258026
Assuming gaslat_r pennation angle in radians: 0.210227
Reading tendonForceStrain of MTU gaslat_r
Assuming gasmed_r pennation angle in radians: 0.165682
Reading tendonForceStrain of MTU gasmed_r
Assuming glmax1_r pennation angle in radians: 0.354012
Assuming glmax2_r pennation angle in radians: 0.367382
Assuming glmax3_r pennation angle in radians: 0.382416
Assuming glmed1_r pennation angle in radians: 0.316556
Assuming glmed2_r pennation angle in radians: 0.316556
Assuming glmed3_r pennation angle in radians: 0.316556
Assuming glmin1_r pennation angle in radians: 0.174533
Assuming glmin2_r pennation angle in radians: 0
Assuming glmin3_r pennation angle in radians: 0.0174533
Assuming grac_r pennation angle in radians: 0.172002
Assuming iliacus_r pennation angle in radians: 0.279914
Assuming perbrev_r pennation angle in radians: 0.205236
Assuming perlong_r pennation angle in radians: 0.247952
Assuming psoas_r pennation angle in radians: 0.215525
Assuming recfem_r pennation angle in radians: 0.217015
Assuming sart_r pennation angle in radians: 0.0261354
Assuming semimem_r pennation angle in radians: 0.254561
Assuming semiten_r pennation angle in radians: 0.241295
Assuming soleus_r pennation angle in radians: 0.381429
Reading tendonForceStrain of MTU soleus_r
Assuming tfl_r pennation angle in radians: 0.0523599
Assuming tibant_r pennation angle in radians: 0.195183
Assuming tibpost_r pennation angle in radians: 0.226489
Assuming vasint_r pennation angle in radians: 0.0630997
Assuming vaslat_r pennation angle in radians: 0.252867
Assuming vasmed_r pennation angle in radians: 0.422223
Assuming addbrev_l pennation angle in radians: 0.114781
Assuming addlong_l pennation angle in radians: 0.13777
Assuming addmagDist_l pennation angle in radians: 0.194705
Assuming addmagIsch_l pennation angle in radians: 0.168044
Assuming addmagMid_l pennation angle in radians: 0.168044
Assuming addmagProx_l pennation angle in radians: 0.207308
Assuming bflh_l pennation angle in radians: 0.175918
Assuming bfsh_l pennation angle in radians: 0.264223
Assuming edl_l pennation angle in radians: 0.218258
Assuming ehl_l pennation angle in radians: 0.197268
Assuming fdl_l pennation angle in radians: 0.224839
Assuming fhl_l pennation angle in radians: 0.258026
Assuming gaslat_l pennation angle in radians: 0.210227
Reading tendonForceStrain of MTU gaslat_l
Assuming gasmed_l pennation angle in radians: 0.165682
Reading tendonForceStrain of MTU gasmed_l
Assuming glmax1_l pennation angle in radians: 0.354012
Assuming glmax2_l pennation angle in radians: 0.367382
Assuming glmax3_l pennation angle in radians: 0.382416
Assuming glmed1_l pennation angle in radians: 0.316556
Assuming glmed2_l pennation angle in radians: 0.316556
Assuming glmed3_l pennation angle in radians: 0.316556
Assuming glmin1_l pennation angle in radians: 0.174533
Assuming glmin2_l pennation angle in radians: 0
Assuming glmin3_l pennation angle in radians: 0.0174533
Assuming grac_l pennation angle in radians: 0.172002
Assuming iliacus_l pennation angle in radians: 0.279914
Assuming perbrev_l pennation angle in radians: 0.205236
Assuming perlong_l pennation angle in radians: 0.247952
Assuming psoas_l pennation angle in radians: 0.215525
Assuming recfem_l pennation angle in radians: 0.217015
Assuming sart_l pennation angle in radians: 0.0261354
Assuming semimem_l pennation angle in radians: 0.254561
Assuming semiten_l pennation angle in radians: 0.241295
Assuming soleus_l pennation angle in radians: 0.381429
Reading tendonForceStrain of MTU soleus_l
Assuming tfl_l pennation angle in radians: 0.0523599
Assuming tibant_l pennation angle in radians: 0.195183
Assuming tibpost_l pennation angle in radians: 0.226489
Assuming vasint_l pennation angle in radians: 0.0630997
Assuming vaslat_l pennation angle in radians: 0.252867
Assuming vasmed_l pennation angle in radians: 0.422223
Assuming piri_r pennation angle in radians: 0.174533
Found OpenSim model associated to the subject: E:\3-PhD\Data\MocapData\ElaboratedData\009\pre\009_Rajagopal2015_FAI_rra_opt_N10.osim

EMG: Reading emg file...E:/3-PhD/Data/MocapData/ElaboratedData/009/pre/ceinms/calibration/../trials/../../dynamicElaborations/RunA1/emg.mot
Muscle excitations to muscle mapping:
addbrev_r -> addbrev_r
addlong_r -> addlong_r
addmagDist_r -> addmagDist_r
addmagIsch_r -> addmagIsch_r
addmagMid_r -> addmagMid_r
addmagProx_r -> addmagProx_r
bflh_r -> bflh_r
bfsh_r -> bfsh_r
edl_r -> edl_r
ehl_r -> ehl_r
fdl_r -> fdl_r
fhl_r -> fhl_r
gaslat_r -> gaslat_r
gasmed_r -> gasmed_r
glmax1_r -> glmax1_r
glmax2_r -> glmax2_r
glmax3_r -> glmax3_r
glmed1_r -> glmed1_r
glmed2_r -> glmed2_r
glmed3_r -> glmed3_r
glmin1_r -> glmin1_r
glmin2_r -> glmin2_r
glmin3_r -> glmin3_r
grac_r -> grac_r
iliacus_r -> iliacus_r
perbrev_r -> perbrev_r
perlong_r -> perlong_r
psoas_r -> psoas_r
recfem_r -> recfem_r
sart_r -> sart_r
semimem_r -> semimem_r
semiten_r -> semiten_r
soleus_r -> soleus_r
tfl_r -> tfl_r
tibant_r -> tibant_r
tibpost_r -> tibpost_r
vasint_r -> vasint_r
vaslat_r -> vaslat_r
vasmed_r -> vasmed_r
addbrev_l -> addbrev_l
addlong_l -> addlong_l
addmagDist_l -> addmagDist_l
addmagIsch_l -> addmagIsch_l
addmagMid_l -> addmagMid_l
addmagProx_l -> addmagProx_l
bflh_l -> bflh_l
bfsh_l -> bfsh_l
edl_l -> edl_l
ehl_l -> ehl_l
fdl_l -> fdl_l
fhl_l -> fhl_l
gaslat_l -> gaslat_l
gasmed_l -> gasmed_l
glmax1_l -> glmax1_l
glmax2_l -> glmax2_l
glmax3_l -> glmax3_l
glmed1_l -> glmed1_l
glmed2_l -> glmed2_l
glmed3_l -> glmed3_l
glmin1_l -> glmin1_l
glmin2_l -> glmin2_l
glmin3_l -> glmin3_l
grac_l -> grac_l
iliacus_l -> iliacus_l
perbrev_l -> perbrev_l
perlong_l -> perlong_l
psoas_l -> psoas_l
recfem_l -> recfem_l
sart_l -> sart_l
semimem_l -> semimem_l
semiten_l -> semiten_l
soleus_l -> soleus_l
tfl_l -> tfl_l
tibant_l -> tibant_l
tibpost_l -> tibpost_l
vasint_l -> vasint_l
vaslat_l -> vaslat_l
vasmed_l -> vasmed_l
piri_r -> piri_r

externalTorque DONE

EMG: EMG DONE

LmtMa: lmtMa DONE
Cropping trial: 2.075, 2.547
Loaded model 009_Rajagopal2015_FAI_rra_opt_N10.osim from file E:\3-PhD\Data\MocapData\ElaboratedData\009\pre\009_Rajagopal2015_FAI_rra_opt_N10.osim
Storage: file=E:/3-PhD/Data/MocapData/ElaboratedData/009/pre/ceinms/calibration/../trials/../../inverseKinematics/RunA1/IK.mot (nr=95 nc=40)
Return false
fLatest_.at(0) - fOpt_ = 738.806 - 371.142 > 1e-05
------------------------------------------------------------------------------
 Objective Function: TorqueErrorNormalised
 - Targets Type: Torque
 - Targets: hip_flexion_r hip_adduction_r hip_rotation_r knee_angle_r ankle_angle_r 
 - Weight: 1
 - Exponent: 1
 - Value: 738.6
 -- Root Mean Square Errors
 --- Trial #1
 ---- hip_flexion_r: 137.914 Nm
 ---- hip_adduction_r: 109.666 Nm
 ---- hip_rotation_r: 20.2712 Nm
 ---- knee_angle_r: 156.618 Nm
 ---- ankle_angle_r: 303.605 Nm

 Objective Function: Penalty
 - Targets Type: Normalised Fibre Length
 - Targets: addbrev_r addlong_r addmagDist_r addmagIsch_r addmagMid_r addmagProx_r bflh_r bfsh_r edl_r ehl_r fdl_r fhl_r gaslat_r gasmed_r glmax1_r glmax2_r glmax3_r glmed1_r glmed2_r glmed3_r glmin1_r glmin2_r glmin3_r grac_r iliacus_r perbrev_r perlong_r psoas_r recfem_r sart_r semimem_r semiten_r soleus_r tfl_r tibant_r tibpost_r vasint_r vaslat_r vasmed_r addbrev_l addlong_l addmagDist_l addmagIsch_l addmagMid_l addmagProx_l bflh_l bfsh_l edl_l ehl_l fdl_l fhl_l gaslat_l gasmed_l glmax1_l glmax2_l glmax3_l glmed1_l glmed2_l glmed3_l glmin1_l glmin2_l glmin3_l grac_l iliacus_l perbrev_l perlong_l psoas_l recfem_l sart_l semimem_l semiten_l soleus_l tfl_l tibant_l tibpost_l vasint_l vaslat_l vasmed_l piri_r 
 - Weight: 100
 - Exponent: 2
 - Range: 0.6, 1.4
 - Value: 0.206031

------------------------------------------------------------------------------
   Fobj = 738.806
------------------------------------------------------------------------------
Return false
fLatest_.at(0) - fOpt_ = 558.261 - 370.849 > 1e-05
------------------------------------------------------------------------------
 Objective Function: TorqueErrorNormalised
 - Targets Type: Torque
 - Targets: hip_flexion_r hip_adduction_r hip_rotation_r knee_angle_r ankle_angle_r 
 - Weight: 1
 - Exponent: 1
 - Value: 557.997
 -- Root Mean Square Errors
 --- Trial #1
 ---- hip_flexion_r: 131.865 Nm
 ---- hip_adduction_r: 74.1908 Nm
 ---- hip_rotation_r: 16.1925 Nm
 ---- knee_angle_r: 218.609 Nm
 ---- ankle_angle_r: 117.139 Nm

 Objective Function: Penalty
 - Targets Type: Normalised Fibre Length
 - Targets: addbrev_r addlong_r addmagDist_r addmagIsch_r addmagMid_r addmagProx_r bflh_r bfsh_r edl_r ehl_r fdl_r fhl_r gaslat_r gasmed_r glmax1_r glmax2_r glmax3_r glmed1_r glmed2_r glmed3_r glmin1_r glmin2_r glmin3_r grac_r iliacus_r perbrev_r perlong_r psoas_r recfem_r sart_r semimem_r semiten_r soleus_r tfl_r tibant_r tibpost_r vasint_r vaslat_r vasmed_r addbrev_l addlong_l addmagDist_l addmagIsch_l addmagMid_l addmagProx_l bflh_l bfsh_l edl_l ehl_l fdl_l fhl_l gaslat_l gasmed_l glmax1_l glmax2_l glmax3_l glmed1_l glmed2_l glmed3_l glmin1_l glmin2_l glmin3_l grac_l iliacus_l perbrev_l perlong_l psoas_l recfem_l sart_l semimem_l semiten_l soleus_l tfl_l tibant_l tibpost_l vasint_l vaslat_l vasmed_l piri_r 
 - Weight: 100
 - Exponent: 2
 - Range: 0.6, 1.4
 - Value: 0.264943

------------------------------------------------------------------------------
   Fobj = 558.261
------------------------------------------------------------------------------
Return false
fLatest_.at(0) - fOpt_ = 686.861 - 340.196 > 1e-05
------------------------------------------------------------------------------
 Objective Function: TorqueErrorNormalised
 - Targets Type: Torque
 - Targets: hip_flexion_r hip_adduction_r hip_rotation_r knee_angle_r ankle_angle_r 
 - Weight: 1
 - Exponent: 1
 - Value: 686.634
 -- Root Mean Square Errors
 --- Trial #1
 ---- hip_flexion_r: 329.876 Nm
 ---- hip_adduction_r: 91.3508 Nm
 ---- hip_rotation_r: 29.8145 Nm
 ---- knee_angle_r: 169.218 Nm
 ---- ankle_angle_r: 61.1115 Nm

 Objective Function: Penalty
 - Targets Type: Normalised Fibre Length
 - Targets: addbrev_r addlong_r addmagDist_r addmagIsch_r addmagMid_r addmagProx_r bflh_r bfsh_r edl_r ehl_r fdl_r fhl_r gaslat_r gasmed_r glmax1_r glmax2_r glmax3_r glmed1_r glmed2_r glmed3_r glmin1_r glmin2_r glmin3_r grac_r iliacus_r perbrev_r perlong_r psoas_r recfem_r sart_r semimem_r semiten_r soleus_r tfl_r tibant_r tibpost_r vasint_r vaslat_r vasmed_r addbrev_l addlong_l addmagDist_l addmagIsch_l addmagMid_l addmagProx_l bflh_l bfsh_l edl_l ehl_l fdl_l fhl_l gaslat_l gasmed_l glmax1_l glmax2_l glmax3_l glmed1_l glmed2_l glmed3_l glmin1_l glmin2_l glmin3_l grac_l iliacus_l perbrev_l perlong_l psoas_l recfem_l sart_l semimem_l semiten_l soleus_l tfl_l tibant_l tibpost_l vasint_l vaslat_l vasmed_l piri_r 
 - Weight: 100
 - Exponent: 2
 - Range: 0.6, 1.4
 - Value: 0.227431

------------------------------------------------------------------------------
   Fobj = 686.861
------------------------------------------------------------------------------
Return false
fLatest_.at(0) - fOpt_ = 727.657 - 336.178 > 1e-05
------------------------------------------------------------------------------
 Objective Function: TorqueErrorNormalised
 - Targets Type: Torque
 - Targets: hip_flexion_r hip_adduction_r hip_rotation_r knee_angle_r ankle_angle_r 
 - Weight: 1
 - Exponent: 1
 - Value: 727.473
 -- Root Mean Square Errors
 --- Trial #1
 ---- hip_flexion_r: 234.573 Nm
 ---- hip_adduction_r: 99.069 Nm
 ---- hip_rotation_r: 32.1514 Nm
 ---- knee_angle_r: 255.541 Nm
 ---- ankle_angle_r: 100.875 Nm

 Objective Function: Penalty
 - Targets Type: Normalised Fibre Length
 - Targets: addbrev_r addlong_r addmagDist_r addmagIsch_r addmagMid_r addmagProx_r bflh_r bfsh_r edl_r ehl_r fdl_r fhl_r gaslat_r gasmed_r glmax1_r glmax2_r glmax3_r glmed1_r glmed2_r glmed3_r glmin1_r glmin2_r glmin3_r grac_r iliacus_r perbrev_r perlong_r psoas_r recfem_r sart_r semimem_r semiten_r soleus_r tfl_r tibant_r tibpost_r vasint_r vaslat_r vasmed_r addbrev_l addlong_l addmagDist_l addmagIsch_l addmagMid_l addmagProx_l bflh_l bfsh_l edl_l ehl_l fdl_l fhl_l gaslat_l gasmed_l glmax1_l glmax2_l glmax3_l glmed1_l glmed2_l glmed3_l glmin1_l glmin2_l glmin3_l grac_l iliacus_l perbrev_l perlong_l psoas_l recfem_l sart_l semimem_l semiten_l soleus_l tfl_l tibant_l tibpost_l vasint_l vaslat_l vasmed_l piri_r 
 - Weight: 100
 - Exponent: 2
 - Range: 0.6, 1.4
 - Value: 0.183419

------------------------------------------------------------------------------
   Fobj = 727.657
------------------------------------------------------------------------------
Return false
fLatest_.at(0) - fOpt_ = 561.516 - 335.473 > 1e-05
------------------------------------------------------------------------------
 Objective Function: TorqueErrorNormalised
 - Targets Type: Torque
 - Targets: hip_flexion_r hip_adduction_r hip_rotation_r knee_angle_r ankle_angle_r 
 - Weight: 1
 - Exponent: 1
 - Value: 561.253
 -- Root Mean Square Errors
 --- Trial #1
 ---- hip_flexion_r: 159.718 Nm
 ---- hip_adduction_r: 70.3726 Nm
 ---- hip_rotation_r: 23.0121 Nm
 ---- knee_angle_r: 204.306 Nm
 ---- ankle_angle_r: 103.844 Nm

 Objective Function: Penalty
 - Targets Type: Normalised Fibre Length
 - Targets: addbrev_r addlong_r addmagDist_r addmagIsch_r addmagMid_r addmagProx_r bflh_r bfsh_r edl_r ehl_r fdl_r fhl_r gaslat_r gasmed_r glmax1_r glmax2_r glmax3_r glmed1_r glmed2_r glmed3_r glmin1_r glmin2_r glmin3_r grac_r iliacus_r perbrev_r perlong_r psoas_r recfem_r sart_r semimem_r semiten_r soleus_r tfl_r tibant_r tibpost_r vasint_r vaslat_r vasmed_r addbrev_l addlong_l addmagDist_l addmagIsch_l addmagMid_l addmagProx_l bflh_l bfsh_l edl_l ehl_l fdl_l fhl_l gaslat_l gasmed_l glmax1_l glmax2_l glmax3_l glmed1_l glmed2_l glmed3_l glmin1_l glmin2_l glmin3_l grac_l iliacus_l perbrev_l perlong_l psoas_l recfem_l sart_l semimem_l semiten_l soleus_l tfl_l tibant_l tibpost_l vasint_l vaslat_l vasmed_l piri_r 
 - Weight: 100
 - Exponent: 2
 - Range: 0.6, 1.4
 - Value: 0.262644

------------------------------------------------------------------------------
   Fobj = 561.516
------------------------------------------------------------------------------
Return false
fLatest_.at(0) - fOpt_ = 574.114 - 335.473 > 1e-05
------------------------------------------------------------------------------
 Objective Function: TorqueErrorNormalised
 - Targets Type: Torque
 - Targets: hip_flexion_r hip_adduction_r hip_rotation_r knee_angle_r ankle_angle_r 
 - Weight: 1
 - Exponent: 1
 - Value: 573.854
 -- Root Mean Square Errors
 --- Trial #1
 ---- hip_flexion_r: 175.463 Nm
 ---- hip_adduction_r: 103.606 Nm
 ---- hip_rotation_r: 32.1465 Nm
 ---- knee_angle_r: 150.394 Nm
 ---- ankle_angle_r: 96.4544 Nm

 Objective Function: Penalty
 - Targets Type: Normalised Fibre Length
 - Targets: addbrev_r addlong_r addmagDist_r addmagIsch_r addmagMid_r addmagProx_r bflh_r bfsh_r edl_r ehl_r fdl_r fhl_r gaslat_r gasmed_r glmax1_r glmax2_r glmax3_r glmed1_r glmed2_r glmed3_r glmin1_r glmin2_r glmin3_r grac_r iliacus_r perbrev_r perlong_r psoas_r recfem_r sart_r semimem_r semiten_r soleus_r tfl_r tibant_r tibpost_r vasint_r vaslat_r vasmed_r addbrev_l addlong_l addmagDist_l addmagIsch_l addmagMid_l addmagProx_l bflh_l bfsh_l edl_l ehl_l fdl_l fhl_l gaslat_l gasmed_l glmax1_l glmax2_l glmax3_l glmed1_l glmed2_l glmed3_l glmin1_l glmin2_l glmin3_l grac_l iliacus_l perbrev_l perlong_l psoas_l recfem_l sart_l semimem_l semiten_l soleus_l tfl_l tibant_l tibpost_l vasint_l vaslat_l vasmed_l piri_r 
 - Weight: 100
 - Exponent: 2
 - Range: 0.6, 1.4
 - Value: 0.260646

------------------------------------------------------------------------------
   Fobj = 574.114
------------------------------------------------------------------------------
Return false
fLatest_.at(0) - fOpt_ = 598.991 - 335.473 > 1e-05
------------------------------------------------------------------------------
 Objective Function: TorqueErrorNormalised
 - Targets Type: Torque
 - Targets: hip_flexion_r hip_adduction_r hip_rotation_r knee_angle_r ankle_angle_r 
 - Weight: 1
 - Exponent: 1
 - Value: 598.715
 -- Root Mean Square Errors
 --- Trial #1
 ---- hip_flexion_r: 136.621 Nm
 ---- hip_adduction_r: 73.4623 Nm
 ---- hip_rotation_r: 30.71 Nm
 ---- knee_angle_r: 226.172 Nm
 ---- ankle_angle_r: 126.487 Nm

 Objective Function: Penalty
 - Targets Type: Normalised Fibre Length
 - Targets: addbrev_r addlong_r addmagDist_r addmagIsch_r addmagMid_r addmagProx_r bflh_r bfsh_r edl_r ehl_r fdl_r fhl_r gaslat_r gasmed_r glmax1_r glmax2_r glmax3_r glmed1_r glmed2_r glmed3_r glmin1_r glmin2_r glmin3_r grac_r iliacus_r perbrev_r perlong_r psoas_r recfem_r sart_r semimem_r semiten_r soleus_r tfl_r tibant_r tibpost_r vasint_r vaslat_r vasmed_r addbrev_l addlong_l addmagDist_l addmagIsch_l addmagMid_l addmagProx_l bflh_l bfsh_l edl_l ehl_l fdl_l fhl_l gaslat_l gasmed_l glmax1_l glmax2_l glmax3_l glmed1_l glmed2_l glmed3_l glmin1_l glmin2_l glmin3_l grac_l iliacus_l perbrev_l perlong_l psoas_l recfem_l sart_l semimem_l semiten_l soleus_l tfl_l tibant_l tibpost_l vasint_l vaslat_l vasmed_l piri_r 
 - Weight: 100
 - Exponent: 2
 - Range: 0.6, 1.4
 - Value: 0.276463

------------------------------------------------------------------------------
   Fobj = 598.991
------------------------------------------------------------------------------
Return false
fLatest_.at(0) - fOpt_ = 516.929 - 335.473 > 1e-05
------------------------------------------------------------------------------
 Objective Function: TorqueErrorNormalised
 - Targets Type: Torque
 - Targets: hip_flexion_r hip_adduction_r hip_rotation_r knee_angle_r ankle_angle_r 
 - Weight: 1
 - Exponent: 1
 - Value: 516.745
 -- Root Mean Square Errors
 --- Trial #1
 ---- hip_flexion_r: 172.541 Nm
 ---- hip_adduction_r: 82.7343 Nm
 ---- hip_rotation_r: 22.0705 Nm
 ---- knee_angle_r: 171.614 Nm
 ---- ankle_angle_r: 67.7848 Nm

 Objective Function: Penalty
 - Targets Type: Normalised Fibre Length
 - Targets: addbrev_r addlong_r addmagDist_r addmagIsch_r addmagMid_r addmagProx_r bflh_r bfsh_r edl_r ehl_r fdl_r fhl_r gaslat_r gasmed_r glmax1_r glmax2_r glmax3_r glmed1_r glmed2_r glmed3_r glmin1_r glmin2_r glmin3_r grac_r iliacus_r perbrev_r perlong_r psoas_r recfem_r sart_r semimem_r semiten_r soleus_r tfl_r tibant_r tibpost_r vasint_r vaslat_r vasmed_r addbrev_l addlong_l addmagDist_l addmagIsch_l addmagMid_l addmagProx_l bflh_l bfsh_l edl_l ehl_l fdl_l fhl_l gaslat_l gasmed_l glmax1_l glmax2_l glmax3_l glmed1_l glmed2_l glmed3_l glmin1_l glmin2_l glmin3_l grac_l iliacus_l perbrev_l perlong_l psoas_l recfem_l sart_l semimem_l semiten_l soleus_l tfl_l tibant_l tibpost_l vasint_l vaslat_l vasmed_l piri_r 
 - Weight: 100
 - Exponent: 2
 - Range: 0.6, 1.4
 - Value: 0.183591

------------------------------------------------------------------------------
   Fobj = 516.929
------------------------------------------------------------------------------
Return false
fLatest_.at(0) - fOpt_ = 362.995 - 264.291 > 1e-05
------------------------------------------------------------------------------
 Objective Function: TorqueErrorNormalised
 - Targets Type: Torque
 - Targets: hip_flexion_r hip_adduction_r hip_rotation_r knee_angle_r ankle_angle_r 
 - Weight: 1
 - Exponent: 1
 - Value: 422.268
 -- Root Mean Square Errors
 --- Trial #1
 ---- hip_flexion_r: 139.302 Nm
 ---- hip_adduction_r: 74.8826 Nm
 ---- hip_rotation_r: 16.0245 Nm
 ---- knee_angle_r: 138.612 Nm
 ---- ankle_angle_r: 42.9204 Nm

 Objective Function: Penalty
 - Targets Type: Normalised Fibre Length
 - Targets: addbrev_r addlong_r addmagDist_r addmagIsch_r addmagMid_r addmagProx_r bflh_r bfsh_r edl_r ehl_r fdl_r fhl_r gaslat_r gasmed_r glmax1_r glmax2_r glmax3_r glmed1_r glmed2_r glmed3_r glmin1_r glmin2_r glmin3_r grac_r iliacus_r perbrev_r perlong_r psoas_r recfem_r sart_r semimem_r semiten_r soleus_r tfl_r tibant_r tibpost_r vasint_r vaslat_r vasmed_r addbrev_l addlong_l addmagDist_l addmagIsch_l addmagMid_l addmagProx_l bflh_l bfsh_l edl_l ehl_l fdl_l fhl_l gaslat_l gasmed_l glmax1_l glmax2_l glmax3_l glmed1_l glmed2_l glmed3_l glmin1_l glmin2_l glmin3_l grac_l iliacus_l perbrev_l perlong_l psoas_l recfem_l sart_l semimem_l semiten_l soleus_l tfl_l tibant_l tibpost_l vasint_l vaslat_l vasmed_l piri_r 
 - Weight: 100
 - Exponent: 2
 - Range: 0.6, 1.4
 - Value: 0.281244

------------------------------------------------------------------------------
   Fobj = 422.549
------------------------------------------------------------------------------
Return false
fLatest_.at(0) - fOpt_ = 279.01 - 245.414 > 1e-05
------------------------------------------------------------------------------
 Objective Function: TorqueErrorNormalised
 - Targets Type: Torque
 - Targets: hip_flexion_r hip_adduction_r hip_rotation_r knee_angle_r ankle_angle_r 
 - Weight: 1
 - Exponent: 1
 - Value: 278.816
 -- Root Mean Square Errors
 --- Trial #1
 ---- hip_flexion_r: 112.379 Nm
 ---- hip_adduction_r: 55.7029 Nm
 ---- hip_rotation_r: 17.8094 Nm
 ---- knee_angle_r: 56.8501 Nm
 ---- ankle_angle_r: 36.075 Nm

 Objective Function: Penalty
 - Targets Type: Normalised Fibre Length
 - Targets: addbrev_r addlong_r addmagDist_r addmagIsch_r addmagMid_r addmagProx_r bflh_r bfsh_r edl_r ehl_r fdl_r fhl_r gaslat_r gasmed_r glmax1_r glmax2_r glmax3_r glmed1_r glmed2_r glmed3_r glmin1_r glmin2_r glmin3_r grac_r iliacus_r perbrev_r perlong_r psoas_r recfem_r sart_r semimem_r semiten_r soleus_r tfl_r tibant_r tibpost_r vasint_r vaslat_r vasmed_r addbrev_l addlong_l addmagDist_l addmagIsch_l addmagMid_l addmagProx_l bflh_l bfsh_l edl_l ehl_l fdl_l fhl_l gaslat_l gasmed_l glmax1_l glmax2_l glmax3_l glmed1_l glmed2_l glmed3_l glmin1_l glmin2_l glmin3_l grac_l iliacus_l perbrev_l perlong_l psoas_l recfem_l sart_l semimem_l semiten_l soleus_l tfl_l tibant_l tibpost_l vasint_l vaslat_l vasmed_l piri_r 
 - Weight: 100
 - Exponent: 2
 - Range: 0.6, 1.4
 - Value: 0.193995

------------------------------------------------------------------------------
   Fobj = 279.01
------------------------------------------------------------------------------
Return false
fLatest_.at(0) - fOpt_ = 240.204 - 222.669 > 1e-05
------------------------------------------------------------------------------
 Objective Function: TorqueErrorNormalised
 - Targets Type: Torque
 - Targets: hip_flexion_r hip_adduction_r hip_rotation_r knee_angle_r ankle_angle_r 
 - Weight: 1
 - Exponent: 1
 - Value: 239.988
 -- Root Mean Square Errors
 --- Trial #1
 ---- hip_flexion_r: 114.781 Nm
 ---- hip_adduction_r: 49.5398 Nm
 ---- hip_rotation_r: 20.3022 Nm
 ---- knee_angle_r: 23.0423 Nm
 ---- ankle_angle_r: 32.3224 Nm

 Objective Function: Penalty
 - Targets Type: Normalised Fibre Length
 - Targets: addbrev_r addlong_r addmagDist_r addmagIsch_r addmagMid_r addmagProx_r bflh_r bfsh_r edl_r ehl_r fdl_r fhl_r gaslat_r gasmed_r glmax1_r glmax2_r glmax3_r glmed1_r glmed2_r glmed3_r glmin1_r glmin2_r glmin3_r grac_r iliacus_r perbrev_r perlong_r psoas_r recfem_r sart_r semimem_r semiten_r soleus_r tfl_r tibant_r tibpost_r vasint_r vaslat_r vasmed_r addbrev_l addlong_l addmagDist_l addmagIsch_l addmagMid_l addmagProx_l bflh_l bfsh_l edl_l ehl_l fdl_l fhl_l gaslat_l gasmed_l glmax1_l glmax2_l glmax3_l glmed1_l glmed2_l glmed3_l glmin1_l glmin2_l glmin3_l grac_l iliacus_l perbrev_l perlong_l psoas_l recfem_l sart_l semimem_l semiten_l soleus_l tfl_l tibant_l tibpost_l vasint_l vaslat_l vasmed_l piri_r 
 - Weight: 100
 - Exponent: 2
 - Range: 0.6, 1.4
 - Value: 0.215721

------------------------------------------------------------------------------
   Fobj = 240.204
------------------------------------------------------------------------------
Return false
fLatest_.at(0) - fOpt_ = 218.261 - 209.466 > 1e-05
------------------------------------------------------------------------------
 Objective Function: TorqueErrorNormalised
 - Targets Type: Torque
 - Targets: hip_flexion_r hip_adduction_r hip_rotation_r knee_angle_r ankle_angle_r 
 - Weight: 1
 - Exponent: 1
 - Value: 235.811
 -- Root Mean Square Errors
 --- Trial #1
 ---- hip_flexion_r: 102.795 Nm
 ---- hip_adduction_r: 47.4477 Nm
 ---- hip_rotation_r: 18.5265 Nm
 ---- knee_angle_r: 38.1769 Nm
 ---- ankle_angle_r: 28.8653 Nm

 Objective Function: Penalty
 - Targets Type: Normalised Fibre Length
 - Targets: addbrev_r addlong_r addmagDist_r addmagIsch_r addmagMid_r addmagProx_r bflh_r bfsh_r edl_r ehl_r fdl_r fhl_r gaslat_r gasmed_r glmax1_r glmax2_r glmax3_r glmed1_r glmed2_r glmed3_r glmin1_r glmin2_r glmin3_r grac_r iliacus_r perbrev_r perlong_r psoas_r recfem_r sart_r semimem_r semiten_r soleus_r tfl_r tibant_r tibpost_r vasint_r vaslat_r vasmed_r addbrev_l addlong_l addmagDist_l addmagIsch_l addmagMid_l addmagProx_l bflh_l bfsh_l edl_l ehl_l fdl_l fhl_l gaslat_l gasmed_l glmax1_l glmax2_l glmax3_l glmed1_l glmed2_l glmed3_l glmin1_l glmin2_l glmin3_l grac_l iliacus_l perbrev_l perlong_l psoas_l recfem_l sart_l semimem_l semiten_l soleus_l tfl_l tibant_l tibpost_l vasint_l vaslat_l vasmed_l piri_r 
 - Weight: 100
 - Exponent: 2
 - Range: 0.6, 1.4
 - Value: 0.216222

------------------------------------------------------------------------------
   Fobj = 236.027
------------------------------------------------------------------------------
Return false
fLatest_.at(0) - fOpt_ = 200.143 - 198.938 > 1e-05
------------------------------------------------------------------------------
 Objective Function: TorqueErrorNormalised
 - Targets Type: Torque
 - Targets: hip_flexion_r hip_adduction_r hip_rotation_r knee_angle_r ankle_angle_r 
 - Weight: 1
 - Exponent: 1
 - Value: 202.089
 -- Root Mean Square Errors
 --- Trial #1
 ---- hip_flexion_r: 94.3537 Nm
 ---- hip_adduction_r: 46.2626 Nm
 ---- hip_rotation_r: 17.2021 Nm
 ---- knee_angle_r: 18.6191 Nm
 ---- ankle_angle_r: 25.6515 Nm

 Objective Function: Penalty
 - Targets Type: Normalised Fibre Length
 - Targets: addbrev_r addlong_r addmagDist_r addmagIsch_r addmagMid_r addmagProx_r bflh_r bfsh_r edl_r ehl_r fdl_r fhl_r gaslat_r gasmed_r glmax1_r glmax2_r glmax3_r glmed1_r glmed2_r glmed3_r glmin1_r glmin2_r glmin3_r grac_r iliacus_r perbrev_r perlong_r psoas_r recfem_r sart_r semimem_r semiten_r soleus_r tfl_r tibant_r tibpost_r vasint_r vaslat_r vasmed_r addbrev_l addlong_l addmagDist_l addmagIsch_l addmagMid_l addmagProx_l bflh_l bfsh_l edl_l ehl_l fdl_l fhl_l gaslat_l gasmed_l glmax1_l glmax2_l glmax3_l glmed1_l glmed2_l glmed3_l glmin1_l glmin2_l glmin3_l grac_l iliacus_l perbrev_l perlong_l psoas_l recfem_l sart_l semimem_l semiten_l soleus_l tfl_l tibant_l tibpost_l vasint_l vaslat_l vasmed_l piri_r 
 - Weight: 100
 - Exponent: 2
 - Range: 0.6, 1.4
 - Value: 0.217155

------------------------------------------------------------------------------
   Fobj = 202.306
------------------------------------------------------------------------------

Calibration finished.
Best solution found:
fOpt_ = 198.938
------------------------------------------------------------------------------
 Objective Function: TorqueErrorNormalised
 - Targets Type: Torque
 - Targets: hip_flexion_r hip_adduction_r hip_rotation_r knee_angle_r ankle_angle_r 
 - Weight: 1
 - Exponent: 1
 - Value: 198.729
 -- Root Mean Square Errors
 --- Trial #1
 ---- hip_flexion_r: 91.9309 Nm
 ---- hip_adduction_r: 45.7937 Nm
 ---- hip_rotation_r: 17.4462 Nm
 ---- knee_angle_r: 18.5998 Nm
 ---- ankle_angle_r: 24.958 Nm

 Objective Function: Penalty
 - Targets Type: Normalised Fibre Length
 - Targets: addbrev_r addlong_r addmagDist_r addmagIsch_r addmagMid_r addmagProx_r bflh_r bfsh_r edl_r ehl_r fdl_r fhl_r gaslat_r gasmed_r glmax1_r glmax2_r glmax3_r glmed1_r glmed2_r glmed3_r glmin1_r glmin2_r glmin3_r grac_r iliacus_r perbrev_r perlong_r psoas_r recfem_r sart_r semimem_r semiten_r soleus_r tfl_r tibant_r tibpost_r vasint_r vaslat_r vasmed_r addbrev_l addlong_l addmagDist_l addmagIsch_l addmagMid_l addmagProx_l bflh_l bfsh_l edl_l ehl_l fdl_l fhl_l gaslat_l gasmed_l glmax1_l glmax2_l glmax3_l glmed1_l glmed2_l glmed3_l glmin1_l glmin2_l glmin3_l grac_l iliacus_l perbrev_l perlong_l psoas_l recfem_l sart_l semimem_l semiten_l soleus_l tfl_l tibant_l tibpost_l vasint_l vaslat_l vasmed_l piri_r 
 - Weight: 100
 - Exponent: 2
 - Range: 0.6, 1.4
 - Value: 0.193141

------------------------------------------------------------------------------
   Fobj = 198.922
------------------------------------------------------------------------------
total number of evaluations:206700
Reading subject file: E:\3-PhD\Data\MocapData\ElaboratedData\009\pre\ceinms\calibration\uncalibrated.xml .
Calibration time: 14minutes
