[2023-10-12 00:55:18.039] [info] Loaded model 009 from file C:\Git\BIP_OpenSim_Hungarian_USports\Tutorials\Sprinting\009\session1\Rajagopal_scaled.osim
[2023-10-12 00:55:18.040] [warning] Couldn't find file '..\r_pelvis.vtp'.
[2023-10-12 01:10:54.073] [info] Loaded model 009 from file C:\Git\BIP_OpenSim_Hungarian_USports\Tutorials\Sprinting\009\session1\Rajagopal_scaled.osim
[2023-10-12 01:10:54.075] [warning] Couldn't find file '..\r_pelvis.vtp'.
[2023-10-12 02:04:37.722] [info] Loaded model 009 from file C:\Git\BIP_OpenSim_Hungarian_USports\Tutorials\Sprinting\009\session1\Run_baseline\Rajagopal_rra_adjusted.osim
[2023-10-12 02:04:37.723] [warning] Couldn't find file '..\r_pelvis.vtp'.
[2023-10-12 02:04:37.723] [warning] Couldn't find file 'l_pelvis.vtp'.
[2023-10-12 02:04:37.724] [warning] Couldn't find file 'sacrum.vtp'.
[2023-10-12 02:04:37.724] [warning] Couldn't find file 'r_femur.vtp'.
[2023-10-12 02:04:37.724] [warning] Couldn't find file 'r_tibia.vtp'.
[2023-10-12 02:04:37.724] [warning] Couldn't find file 'r_fibula.vtp'.
[2023-10-12 02:04:37.724] [warning] Couldn't find file 'r_patella.vtp'.
[2023-10-12 02:04:37.725] [warning] Couldn't find file 'r_talus.vtp'.
[2023-10-12 02:04:37.725] [warning] Couldn't find file 'r_foot.vtp'.
[2023-10-12 02:04:37.725] [warning] Couldn't find file 'r_bofoot.vtp'.
[2023-10-12 02:04:37.725] [warning] Couldn't find file 'l_femur.vtp'.
[2023-10-12 02:04:37.725] [warning] Couldn't find file 'l_tibia.vtp'.
[2023-10-12 02:04:37.726] [warning] Couldn't find file 'l_fibula.vtp'.
[2023-10-12 02:04:37.726] [warning] Couldn't find file 'l_patella.vtp'.
[2023-10-12 02:04:37.726] [warning] Couldn't find file 'l_talus.vtp'.
[2023-10-12 02:04:37.726] [warning] Couldn't find file 'l_foot.vtp'.
[2023-10-12 02:04:37.727] [warning] Couldn't find file 'l_bofoot.vtp'.
[2023-10-12 02:04:37.727] [warning] Couldn't find file 'hat_spine.vtp'.
[2023-10-12 02:04:37.727] [warning] Couldn't find file 'hat_jaw.vtp'.
[2023-10-12 02:04:37.727] [warning] Couldn't find file 'hat_skull.vtp'.
[2023-10-12 02:04:37.727] [warning] Couldn't find file 'hat_ribs_scap.vtp'.
[2023-10-12 02:04:37.727] [warning] Couldn't find file 'humerus_rv.vtp'.
[2023-10-12 02:04:37.728] [warning] Couldn't find file 'ulna_rv.vtp'.
[2023-10-12 02:04:37.728] [warning] Couldn't find file 'radius_rv.vtp'.
[2023-10-12 02:04:37.728] [warning] Couldn't find file 'pisiform_rvs.vtp'.
[2023-10-12 02:04:37.728] [warning] Couldn't find file 'lunate_rvs.vtp'.
[2023-10-12 02:04:37.728] [warning] Couldn't find file 'scaphoid_rvs.vtp'.
[2023-10-12 02:04:37.728] [warning] Couldn't find file 'triquetrum_rvs.vtp'.
[2023-10-12 02:04:37.729] [warning] Couldn't find file 'hamate_rvs.vtp'.
[2023-10-12 02:04:37.729] [warning] Couldn't find file 'capitate_rvs.vtp'.
[2023-10-12 02:04:37.729] [warning] Couldn't find file 'trapezoid_rvs.vtp'.
[2023-10-12 02:04:37.729] [warning] Couldn't find file 'trapezium_rvs.vtp'.
[2023-10-12 02:04:37.729] [warning] Couldn't find file 'metacarpal2_rvs.vtp'.
[2023-10-12 02:04:37.730] [warning] Couldn't find file 'index_proximal_rvs.vtp'.
[2023-10-12 02:04:37.730] [warning] Couldn't find file 'index_medial_rvs.vtp'.
[2023-10-12 02:04:37.730] [warning] Couldn't find file 'index_distal_rvs.vtp'.
[2023-10-12 02:04:37.730] [warning] Couldn't find file 'metacarpal3_rvs.vtp'.
[2023-10-12 02:04:37.730] [warning] Couldn't find file 'middle_proximal_rvs.vtp'.
[2023-10-12 02:04:37.730] [warning] Couldn't find file 'middle_medial_rvs.vtp'.
[2023-10-12 02:04:37.731] [warning] Couldn't find file 'middle_distal_rvs.vtp'.
[2023-10-12 02:04:37.731] [warning] Couldn't find file 'metacarpal4_rvs.vtp'.
[2023-10-12 02:04:37.731] [warning] Couldn't find file 'ring_proximal_rvs.vtp'.
[2023-10-12 02:04:37.731] [warning] Couldn't find file 'ring_medial_rvs.vtp'.
[2023-10-12 02:04:37.731] [warning] Couldn't find file 'ring_distal_rvs.vtp'.
[2023-10-12 02:04:37.731] [warning] Couldn't find file 'metacarpal5_rvs.vtp'.
[2023-10-12 02:04:37.732] [warning] Couldn't find file 'little_proximal_rvs.vtp'.
[2023-10-12 02:04:37.732] [warning] Couldn't find file 'little_medial_rvs.vtp'.
[2023-10-12 02:04:37.732] [warning] Couldn't find file 'little_distal_rvs.vtp'.
[2023-10-12 02:04:37.732] [warning] Couldn't find file 'metacarpal1_rvs.vtp'.
[2023-10-12 02:04:37.732] [warning] Couldn't find file 'thumb_proximal_rvs.vtp'.
[2023-10-12 02:04:37.733] [warning] Couldn't find file 'thumb_distal_rvs.vtp'.
[2023-10-12 02:04:37.733] [warning] Couldn't find file 'humerus_lv.vtp'.
[2023-10-12 02:04:37.733] [warning] Couldn't find file 'ulna_lv.vtp'.
[2023-10-12 02:04:37.733] [warning] Couldn't find file 'radius_lv.vtp'.
[2023-10-12 02:04:37.733] [warning] Couldn't find file 'pisiform_lvs.vtp'.
[2023-10-12 02:04:37.734] [warning] Couldn't find file 'lunate_lvs.vtp'.
[2023-10-12 02:04:37.734] [warning] Couldn't find file 'scaphoid_lvs.vtp'.
[2023-10-12 02:04:37.734] [warning] Couldn't find file 'triquetrum_lvs.vtp'.
[2023-10-12 02:04:37.734] [warning] Couldn't find file 'hamate_lvs.vtp'.
[2023-10-12 02:04:37.734] [warning] Couldn't find file 'capitate_lvs.vtp'.
[2023-10-12 02:04:37.735] [warning] Couldn't find file 'trapezoid_lvs.vtp'.
[2023-10-12 02:04:37.735] [warning] Couldn't find file 'trapezium_lvs.vtp'.
[2023-10-12 02:04:37.735] [warning] Couldn't find file 'metacarpal2_lvs.vtp'.
[2023-10-12 02:04:37.735] [warning] Couldn't find file 'index_proximal_lvs.vtp'.
[2023-10-12 02:04:37.735] [warning] Couldn't find file 'index_medial_lvs.vtp'.
[2023-10-12 02:04:37.735] [warning] Couldn't find file 'index_distal_lvs.vtp'.
[2023-10-12 02:04:37.736] [warning] Couldn't find file 'metacarpal3_lvs.vtp'.
[2023-10-12 02:04:37.736] [warning] Couldn't find file 'middle_proximal_lvs.vtp'.
[2023-10-12 02:04:37.736] [warning] Couldn't find file 'middle_medial_lvs.vtp'.
[2023-10-12 02:04:37.736] [warning] Couldn't find file 'middle_distal_lvs.vtp'.
[2023-10-12 02:04:37.736] [warning] Couldn't find file 'metacarpal4_lvs.vtp'.
[2023-10-12 02:04:37.737] [warning] Couldn't find file 'ring_proximal_lvs.vtp'.
[2023-10-12 02:04:37.737] [warning] Couldn't find file 'ring_medial_lvs.vtp'.
[2023-10-12 02:04:37.737] [warning] Couldn't find file 'ring_distal_lvs.vtp'.
[2023-10-12 02:04:37.737] [warning] Couldn't find file 'metacarpal5_lvs.vtp'.
[2023-10-12 02:04:37.738] [warning] Couldn't find file 'little_proximal_lvs.vtp'.
[2023-10-12 02:04:37.738] [warning] Couldn't find file 'little_medial_lvs.vtp'.
[2023-10-12 02:04:37.738] [warning] Couldn't find file 'little_distal_lvs.vtp'.
[2023-10-12 02:04:37.738] [warning] Couldn't find file 'metacarpal1_lvs.vtp'.
[2023-10-12 02:04:37.738] [warning] Couldn't find file 'thumb_proximal_lvs.vtp'.
[2023-10-12 02:04:37.739] [warning] Couldn't find file 'thumb_distal_lvs.vtp'.
[2023-10-12 02:22:45.609] [info] Loaded model Rajagopal_generic from file C:\Git\BIP_OpenSim_Hungarian_USports\Tutorials\Sprinting\009\session1\Rajagopal_generic.osim
