
+-+-+-+-+-+-+
|C|E|I|N|M|S|
+-+-+-+-+-+-+-+-+-+-+
|C|a|l|i|b|r|a|t|e|d|
+-+-+-+-+-+-+-+-+-+-+-+-+
|E|M|G|-|I|n|f|o|r|m|e|d|
+-+-+-+-+-+-+-+-+-+-+-+-+-+-+-+-+-+-+-+-+
|N|e|u|r|o|m|u|s|c|u|l|o|s|k|e|l|e|t|a|l|
+-+-+-+-+-+-+-+-+-+-+-+-+-+-+-+-+-+-+-+-+
|T|o|o|l|b|o|x|
+-+-+-+-+-+-+-+

CEINMScalibrate version 0.21.0
Copyright (C) Apr 29 2020
Claudio Pizzolato, Monica Reggiani, Massimo Sartori, David Lloyd
Software developers: Claudio Pizzolato, Monica Reggiani
readNMSmodelCfg
Reading subject file: E:\3-PhD\Data\MocapData\ElaboratedData\009\pre\ceinms\calibration\uncalibrated.xml .
Contact model found
Calibration configuration
 - Algorithm
 -- Simulated Annealing
 --- noEpsilon 4
 --- NS 15
 --- NT 5
 --- maxNoEval 200000
 --- rt 0.3
 --- T 200000
 --- epsilon 1e-05
 - NMSmodel
 - CalibrationSteps
 -- Step
 Objective Function: TorqueErrorNormalised
 - Targets Type: Torque
 - Targets: all 
 - Weight: 1
 - Exponent: 1
 Objective Function: Penalty
 - Targets Type: Normalised Fibre Length
 - Targets: all 
 - Weight: 100
 - Exponent: 2
 - Range: 0.6, 1.4
 - Trials
 -- E:\3-PhD\Data\MocapData\ElaboratedData\009\pre\ceinms\calibration\..\trials\RunA1_2ndcal.xml


Reading subject file: E:\3-PhD\Data\MocapData\ElaboratedData\009\pre\ceinms\calibration\uncalibrated.xml .
activeForceLength
passiveForceLength
forceVelocity
tendonForceStrain
Assuming addbrev_r pennation angle in radians: 0.114781
Assuming addlong_r pennation angle in radians: 0.13777
Assuming addmagDist_r pennation angle in radians: 0.194705
Assuming addmagIsch_r pennation angle in radians: 0.168044
Assuming addmagMid_r pennation angle in radians: 0.207308
Assuming addmagProx_r pennation angle in radians: 0.311483
Assuming bflh_r pennation angle in radians: 0.175918
Assuming bfsh_r pennation angle in radians: 0.264223
Assuming edl_r pennation angle in radians: 0.218258
Assuming ehl_r pennation angle in radians: 0.197268
Assuming fdl_r pennation angle in radians: 0.224839
Assuming fhl_r pennation angle in radians: 0.258026
Assuming gaslat_r pennation angle in radians: 0.210227
Reading tendonForceStrain of MTU gaslat_r
Assuming gasmed_r pennation angle in radians: 0.165682
Reading tendonForceStrain of MTU gasmed_r
Assuming glmax1_r pennation angle in radians: 0.354012
Assuming glmax2_r pennation angle in radians: 0.367382
Assuming glmax3_r pennation angle in radians: 0.382416
Assuming glmed1_r pennation angle in radians: 0.316556
Assuming glmed2_r pennation angle in radians: 0.316556
Assuming glmed3_r pennation angle in radians: 0.316556
Assuming glmin1_r pennation angle in radians: 0.174533
Assuming glmin2_r pennation angle in radians: 0
Assuming glmin3_r pennation angle in radians: 0.0174533
Assuming grac_r pennation angle in radians: 0.172002
Assuming iliacus_r pennation angle in radians: 0.279914
Assuming perbrev_r pennation angle in radians: 0.205236
Assuming perlong_r pennation angle in radians: 0.247952
Assuming psoas_r pennation angle in radians: 0.215525
Assuming recfem_r pennation angle in radians: 0.217015
Assuming sart_r pennation angle in radians: 0.0261354
Assuming semimem_r pennation angle in radians: 0.254561
Assuming semiten_r pennation angle in radians: 0.241295
Assuming soleus_r pennation angle in radians: 0.381429
Reading tendonForceStrain of MTU soleus_r
Assuming tfl_r pennation angle in radians: 0.0523599
Assuming tibant_r pennation angle in radians: 0.195183
Assuming tibpost_r pennation angle in radians: 0.226489
Assuming vasint_r pennation angle in radians: 0.0630997
Assuming vaslat_r pennation angle in radians: 0.252867
Assuming vasmed_r pennation angle in radians: 0.422223
Assuming addbrev_l pennation angle in radians: 0.114781
Assuming addlong_l pennation angle in radians: 0.13777
Assuming addmagDist_l pennation angle in radians: 0.194705
Assuming addmagIsch_l pennation angle in radians: 0.168044
Assuming addmagMid_l pennation angle in radians: 0.168044
Assuming addmagProx_l pennation angle in radians: 0.207308
Assuming bflh_l pennation angle in radians: 0.175918
Assuming bfsh_l pennation angle in radians: 0.264223
Assuming edl_l pennation angle in radians: 0.218258
Assuming ehl_l pennation angle in radians: 0.197268
Assuming fdl_l pennation angle in radians: 0.224839
Assuming fhl_l pennation angle in radians: 0.258026
Assuming gaslat_l pennation angle in radians: 0.210227
Reading tendonForceStrain of MTU gaslat_l
Assuming gasmed_l pennation angle in radians: 0.165682
Reading tendonForceStrain of MTU gasmed_l
Assuming glmax1_l pennation angle in radians: 0.354012
Assuming glmax2_l pennation angle in radians: 0.367382
Assuming glmax3_l pennation angle in radians: 0.382416
Assuming glmed1_l pennation angle in radians: 0.316556
Assuming glmed2_l pennation angle in radians: 0.316556
Assuming glmed3_l pennation angle in radians: 0.316556
Assuming glmin1_l pennation angle in radians: 0.174533
Assuming glmin2_l pennation angle in radians: 0
Assuming glmin3_l pennation angle in radians: 0.0174533
Assuming grac_l pennation angle in radians: 0.172002
Assuming iliacus_l pennation angle in radians: 0.279914
Assuming perbrev_l pennation angle in radians: 0.205236
Assuming perlong_l pennation angle in radians: 0.247952
Assuming psoas_l pennation angle in radians: 0.215525
Assuming recfem_l pennation angle in radians: 0.217015
Assuming sart_l pennation angle in radians: 0.0261354
Assuming semimem_l pennation angle in radians: 0.254561
Assuming semiten_l pennation angle in radians: 0.241295
Assuming soleus_l pennation angle in radians: 0.381429
Reading tendonForceStrain of MTU soleus_l
Assuming tfl_l pennation angle in radians: 0.0523599
Assuming tibant_l pennation angle in radians: 0.195183
Assuming tibpost_l pennation angle in radians: 0.226489
Assuming vasint_l pennation angle in radians: 0.0630997
Assuming vaslat_l pennation angle in radians: 0.252867
Assuming vasmed_l pennation angle in radians: 0.422223
Assuming piri_r pennation angle in radians: 0.174533
Found OpenSim model associated to the subject: E:\3-PhD\Data\MocapData\ElaboratedData\009\pre\009_Rajagopal2015_FAI_rra_opt_N10.osim

EMG: Reading emg file...E:/3-PhD/Data/MocapData/ElaboratedData/009/pre/ceinms/calibration/../trials/../../dynamicElaborations/RunA1/emg_2ndcal.mot
Muscle excitations to muscle mapping:
addbrev_r -> addbrev_r
addlong_r -> addlong_r
addmagDist_r -> addmagDist_r
addmagIsch_r -> addmagIsch_r
addmagMid_r -> addmagMid_r
addmagProx_r -> addmagProx_r
bflh_r -> bflh_r
bfsh_r -> bfsh_r
edl_r -> edl_r
ehl_r -> ehl_r
fdl_r -> fdl_r
fhl_r -> fhl_r
gaslat_r -> gaslat_r
gasmed_r -> gasmed_r
glmax1_r -> glmax1_r
glmax2_r -> glmax2_r
glmax3_r -> glmax3_r
glmed1_r -> glmed1_r
glmed2_r -> glmed2_r
glmed3_r -> glmed3_r
glmin1_r -> glmin1_r
glmin2_r -> glmin2_r
glmin3_r -> glmin3_r
grac_r -> grac_r
iliacus_r -> iliacus_r
perbrev_r -> perbrev_r
perlong_r -> perlong_r
psoas_r -> psoas_r
recfem_r -> recfem_r
sart_r -> sart_r
semimem_r -> semimem_r
semiten_r -> semiten_r
soleus_r -> soleus_r
tfl_r -> tfl_r
tibant_r -> tibant_r
tibpost_r -> tibpost_r
vasint_r -> vasint_r
vaslat_r -> vaslat_r
vasmed_r -> vasmed_r
addbrev_l -> addbrev_l
addlong_l -> addlong_l
addmagDist_l -> addmagDist_l
addmagIsch_l -> addmagIsch_l
addmagMid_l -> addmagMid_l
addmagProx_l -> addmagProx_l
bflh_l -> bflh_l
bfsh_l -> bfsh_l
edl_l -> edl_l
ehl_l -> ehl_l
fdl_l -> fdl_l
fhl_l -> fhl_l
gaslat_l -> gaslat_l
gasmed_l -> gasmed_l
glmax1_l -> glmax1_l
glmax2_l -> glmax2_l
glmax3_l -> glmax3_l
glmed1_l -> glmed1_l
glmed2_l -> glmed2_l
glmed3_l -> glmed3_l
glmin1_l -> glmin1_l
glmin2_l -> glmin2_l
glmin3_l -> glmin3_l
grac_l -> grac_l
iliacus_l -> iliacus_l
perbrev_l -> perbrev_l
perlong_l -> perlong_l
psoas_l -> psoas_l
recfem_l -> recfem_l
sart_l -> sart_l
semimem_l -> semimem_l
semiten_l -> semiten_l
soleus_l -> soleus_l
tfl_l -> tfl_l
tibant_l -> tibant_l
tibpost_l -> tibpost_l
vasint_l -> vasint_l
vaslat_l -> vaslat_l
vasmed_l -> vasmed_l
piri_r -> piri_r

externalTorque DONE

EMG: EMG DONE

LmtMa: lmtMa DONE
Cropping trial: 2.075, 2.547
Loaded model 009_Rajagopal2015_FAI_rra_opt_N10.osim from file E:\3-PhD\Data\MocapData\ElaboratedData\009\pre\009_Rajagopal2015_FAI_rra_opt_N10.osim
Storage: file=E:/3-PhD/Data/MocapData/ElaboratedData/009/pre/ceinms/calibration/../trials/../../inverseKinematics/RunA1/IK.mot (nr=95 nc=40)
Return false
fLatest_.at(0) - fOpt_ = 755.97 - 320.125 > 1e-05
------------------------------------------------------------------------------
 Objective Function: TorqueErrorNormalised
 - Targets Type: Torque
 - Targets: hip_flexion_r hip_adduction_r hip_rotation_r knee_angle_r ankle_angle_r 
 - Weight: 1
 - Exponent: 1
 - Value: 755.511
 -- Root Mean Square Errors
 --- Trial #1
 ---- hip_flexion_r: 220.199 Nm
 ---- hip_adduction_r: 57.8024 Nm
 ---- hip_rotation_r: 42.021 Nm
 ---- knee_angle_r: 257.09 Nm
 ---- ankle_angle_r: 136.294 Nm

 Objective Function: Penalty
 - Targets Type: Normalised Fibre Length
 - Targets: addbrev_r addlong_r addmagDist_r addmagIsch_r addmagMid_r addmagProx_r bflh_r bfsh_r edl_r ehl_r fdl_r fhl_r gaslat_r gasmed_r glmax1_r glmax2_r glmax3_r glmed1_r glmed2_r glmed3_r glmin1_r glmin2_r glmin3_r grac_r iliacus_r perbrev_r perlong_r psoas_r recfem_r sart_r semimem_r semiten_r soleus_r tfl_r tibant_r tibpost_r vasint_r vaslat_r vasmed_r addbrev_l addlong_l addmagDist_l addmagIsch_l addmagMid_l addmagProx_l bflh_l bfsh_l edl_l ehl_l fdl_l fhl_l gaslat_l gasmed_l glmax1_l glmax2_l glmax3_l glmed1_l glmed2_l glmed3_l glmin1_l glmin2_l glmin3_l grac_l iliacus_l perbrev_l perlong_l psoas_l recfem_l sart_l semimem_l semiten_l soleus_l tfl_l tibant_l tibpost_l vasint_l vaslat_l vasmed_l piri_r 
 - Weight: 100
 - Exponent: 2
 - Range: 0.6, 1.4
 - Value: 0.458952

------------------------------------------------------------------------------
   Fobj = 755.97
------------------------------------------------------------------------------
Return false
fLatest_.at(0) - fOpt_ = 762.033 - 315.531 > 1e-05
------------------------------------------------------------------------------
 Objective Function: TorqueErrorNormalised
 - Targets Type: Torque
 - Targets: hip_flexion_r hip_adduction_r hip_rotation_r knee_angle_r ankle_angle_r 
 - Weight: 1
 - Exponent: 1
 - Value: 894.582
 -- Root Mean Square Errors
 --- Trial #1
 ---- hip_flexion_r: 184.858 Nm
 ---- hip_adduction_r: 40.6089 Nm
 ---- hip_rotation_r: 36.5486 Nm
 ---- knee_angle_r: 491.683 Nm
 ---- ankle_angle_r: 135.62 Nm

 Objective Function: Penalty
 - Targets Type: Normalised Fibre Length
 - Targets: addbrev_r addlong_r addmagDist_r addmagIsch_r addmagMid_r addmagProx_r bflh_r bfsh_r edl_r ehl_r fdl_r fhl_r gaslat_r gasmed_r glmax1_r glmax2_r glmax3_r glmed1_r glmed2_r glmed3_r glmin1_r glmin2_r glmin3_r grac_r iliacus_r perbrev_r perlong_r psoas_r recfem_r sart_r semimem_r semiten_r soleus_r tfl_r tibant_r tibpost_r vasint_r vaslat_r vasmed_r addbrev_l addlong_l addmagDist_l addmagIsch_l addmagMid_l addmagProx_l bflh_l bfsh_l edl_l ehl_l fdl_l fhl_l gaslat_l gasmed_l glmax1_l glmax2_l glmax3_l glmed1_l glmed2_l glmed3_l glmin1_l glmin2_l glmin3_l grac_l iliacus_l perbrev_l perlong_l psoas_l recfem_l sart_l semimem_l semiten_l soleus_l tfl_l tibant_l tibpost_l vasint_l vaslat_l vasmed_l piri_r 
 - Weight: 100
 - Exponent: 2
 - Range: 0.6, 1.4
 - Value: 0.381099

------------------------------------------------------------------------------
   Fobj = 894.963
------------------------------------------------------------------------------
Return false
fLatest_.at(0) - fOpt_ = 527.441 - 315.235 > 1e-05
------------------------------------------------------------------------------
 Objective Function: TorqueErrorNormalised
 - Targets Type: Torque
 - Targets: hip_flexion_r hip_adduction_r hip_rotation_r knee_angle_r ankle_angle_r 
 - Weight: 1
 - Exponent: 1
 - Value: 527.232
 -- Root Mean Square Errors
 --- Trial #1
 ---- hip_flexion_r: 134.868 Nm
 ---- hip_adduction_r: 61.2814 Nm
 ---- hip_rotation_r: 41.2908 Nm
 ---- knee_angle_r: 196.237 Nm
 ---- ankle_angle_r: 83.0285 Nm

 Objective Function: Penalty
 - Targets Type: Normalised Fibre Length
 - Targets: addbrev_r addlong_r addmagDist_r addmagIsch_r addmagMid_r addmagProx_r bflh_r bfsh_r edl_r ehl_r fdl_r fhl_r gaslat_r gasmed_r glmax1_r glmax2_r glmax3_r glmed1_r glmed2_r glmed3_r glmin1_r glmin2_r glmin3_r grac_r iliacus_r perbrev_r perlong_r psoas_r recfem_r sart_r semimem_r semiten_r soleus_r tfl_r tibant_r tibpost_r vasint_r vaslat_r vasmed_r addbrev_l addlong_l addmagDist_l addmagIsch_l addmagMid_l addmagProx_l bflh_l bfsh_l edl_l ehl_l fdl_l fhl_l gaslat_l gasmed_l glmax1_l glmax2_l glmax3_l glmed1_l glmed2_l glmed3_l glmin1_l glmin2_l glmin3_l grac_l iliacus_l perbrev_l perlong_l psoas_l recfem_l sart_l semimem_l semiten_l soleus_l tfl_l tibant_l tibpost_l vasint_l vaslat_l vasmed_l piri_r 
 - Weight: 100
 - Exponent: 2
 - Range: 0.6, 1.4
 - Value: 0.208567

------------------------------------------------------------------------------
   Fobj = 527.441
------------------------------------------------------------------------------
Return false
fLatest_.at(0) - fOpt_ = 534.7 - 302.609 > 1e-05
------------------------------------------------------------------------------
 Objective Function: TorqueErrorNormalised
 - Targets Type: Torque
 - Targets: hip_flexion_r hip_adduction_r hip_rotation_r knee_angle_r ankle_angle_r 
 - Weight: 1
 - Exponent: 1
 - Value: 534.442
 -- Root Mean Square Errors
 --- Trial #1
 ---- hip_flexion_r: 146.408 Nm
 ---- hip_adduction_r: 62.1913 Nm
 ---- hip_rotation_r: 37.4202 Nm
 ---- knee_angle_r: 171.866 Nm
 ---- ankle_angle_r: 106.03 Nm

 Objective Function: Penalty
 - Targets Type: Normalised Fibre Length
 - Targets: addbrev_r addlong_r addmagDist_r addmagIsch_r addmagMid_r addmagProx_r bflh_r bfsh_r edl_r ehl_r fdl_r fhl_r gaslat_r gasmed_r glmax1_r glmax2_r glmax3_r glmed1_r glmed2_r glmed3_r glmin1_r glmin2_r glmin3_r grac_r iliacus_r perbrev_r perlong_r psoas_r recfem_r sart_r semimem_r semiten_r soleus_r tfl_r tibant_r tibpost_r vasint_r vaslat_r vasmed_r addbrev_l addlong_l addmagDist_l addmagIsch_l addmagMid_l addmagProx_l bflh_l bfsh_l edl_l ehl_l fdl_l fhl_l gaslat_l gasmed_l glmax1_l glmax2_l glmax3_l glmed1_l glmed2_l glmed3_l glmin1_l glmin2_l glmin3_l grac_l iliacus_l perbrev_l perlong_l psoas_l recfem_l sart_l semimem_l semiten_l soleus_l tfl_l tibant_l tibpost_l vasint_l vaslat_l vasmed_l piri_r 
 - Weight: 100
 - Exponent: 2
 - Range: 0.6, 1.4
 - Value: 0.258016

------------------------------------------------------------------------------
   Fobj = 534.7
------------------------------------------------------------------------------
Return false
fLatest_.at(0) - fOpt_ = 675.043 - 285.015 > 1e-05
------------------------------------------------------------------------------
 Objective Function: TorqueErrorNormalised
 - Targets Type: Torque
 - Targets: hip_flexion_r hip_adduction_r hip_rotation_r knee_angle_r ankle_angle_r 
 - Weight: 1
 - Exponent: 1
 - Value: 674.776
 -- Root Mean Square Errors
 --- Trial #1
 ---- hip_flexion_r: 129.792 Nm
 ---- hip_adduction_r: 64.2567 Nm
 ---- hip_rotation_r: 33.8321 Nm
 ---- knee_angle_r: 169.323 Nm
 ---- ankle_angle_r: 277.573 Nm

 Objective Function: Penalty
 - Targets Type: Normalised Fibre Length
 - Targets: addbrev_r addlong_r addmagDist_r addmagIsch_r addmagMid_r addmagProx_r bflh_r bfsh_r edl_r ehl_r fdl_r fhl_r gaslat_r gasmed_r glmax1_r glmax2_r glmax3_r glmed1_r glmed2_r glmed3_r glmin1_r glmin2_r glmin3_r grac_r iliacus_r perbrev_r perlong_r psoas_r recfem_r sart_r semimem_r semiten_r soleus_r tfl_r tibant_r tibpost_r vasint_r vaslat_r vasmed_r addbrev_l addlong_l addmagDist_l addmagIsch_l addmagMid_l addmagProx_l bflh_l bfsh_l edl_l ehl_l fdl_l fhl_l gaslat_l gasmed_l glmax1_l glmax2_l glmax3_l glmed1_l glmed2_l glmed3_l glmin1_l glmin2_l glmin3_l grac_l iliacus_l perbrev_l perlong_l psoas_l recfem_l sart_l semimem_l semiten_l soleus_l tfl_l tibant_l tibpost_l vasint_l vaslat_l vasmed_l piri_r 
 - Weight: 100
 - Exponent: 2
 - Range: 0.6, 1.4
 - Value: 0.266691

------------------------------------------------------------------------------
   Fobj = 675.043
------------------------------------------------------------------------------
Return false
fLatest_.at(0) - fOpt_ = 565.61 - 283.671 > 1e-05
------------------------------------------------------------------------------
 Objective Function: TorqueErrorNormalised
 - Targets Type: Torque
 - Targets: hip_flexion_r hip_adduction_r hip_rotation_r knee_angle_r ankle_angle_r 
 - Weight: 1
 - Exponent: 1
 - Value: 565.359
 -- Root Mean Square Errors
 --- Trial #1
 ---- hip_flexion_r: 143.916 Nm
 ---- hip_adduction_r: 77.0108 Nm
 ---- hip_rotation_r: 42.9319 Nm
 ---- knee_angle_r: 143.348 Nm
 ---- ankle_angle_r: 158.152 Nm

 Objective Function: Penalty
 - Targets Type: Normalised Fibre Length
 - Targets: addbrev_r addlong_r addmagDist_r addmagIsch_r addmagMid_r addmagProx_r bflh_r bfsh_r edl_r ehl_r fdl_r fhl_r gaslat_r gasmed_r glmax1_r glmax2_r glmax3_r glmed1_r glmed2_r glmed3_r glmin1_r glmin2_r glmin3_r grac_r iliacus_r perbrev_r perlong_r psoas_r recfem_r sart_r semimem_r semiten_r soleus_r tfl_r tibant_r tibpost_r vasint_r vaslat_r vasmed_r addbrev_l addlong_l addmagDist_l addmagIsch_l addmagMid_l addmagProx_l bflh_l bfsh_l edl_l ehl_l fdl_l fhl_l gaslat_l gasmed_l glmax1_l glmax2_l glmax3_l glmed1_l glmed2_l glmed3_l glmin1_l glmin2_l glmin3_l grac_l iliacus_l perbrev_l perlong_l psoas_l recfem_l sart_l semimem_l semiten_l soleus_l tfl_l tibant_l tibpost_l vasint_l vaslat_l vasmed_l piri_r 
 - Weight: 100
 - Exponent: 2
 - Range: 0.6, 1.4
 - Value: 0.251232

------------------------------------------------------------------------------
   Fobj = 565.61
------------------------------------------------------------------------------
Return false
fLatest_.at(0) - fOpt_ = 754.802 - 281.578 > 1e-05
------------------------------------------------------------------------------
 Objective Function: TorqueErrorNormalised
 - Targets Type: Torque
 - Targets: hip_flexion_r hip_adduction_r hip_rotation_r knee_angle_r ankle_angle_r 
 - Weight: 1
 - Exponent: 1
 - Value: 754.36
 -- Root Mean Square Errors
 --- Trial #1
 ---- hip_flexion_r: 146.351 Nm
 ---- hip_adduction_r: 50.7973 Nm
 ---- hip_rotation_r: 29.5948 Nm
 ---- knee_angle_r: 336.916 Nm
 ---- ankle_angle_r: 174.911 Nm

 Objective Function: Penalty
 - Targets Type: Normalised Fibre Length
 - Targets: addbrev_r addlong_r addmagDist_r addmagIsch_r addmagMid_r addmagProx_r bflh_r bfsh_r edl_r ehl_r fdl_r fhl_r gaslat_r gasmed_r glmax1_r glmax2_r glmax3_r glmed1_r glmed2_r glmed3_r glmin1_r glmin2_r glmin3_r grac_r iliacus_r perbrev_r perlong_r psoas_r recfem_r sart_r semimem_r semiten_r soleus_r tfl_r tibant_r tibpost_r vasint_r vaslat_r vasmed_r addbrev_l addlong_l addmagDist_l addmagIsch_l addmagMid_l addmagProx_l bflh_l bfsh_l edl_l ehl_l fdl_l fhl_l gaslat_l gasmed_l glmax1_l glmax2_l glmax3_l glmed1_l glmed2_l glmed3_l glmin1_l glmin2_l glmin3_l grac_l iliacus_l perbrev_l perlong_l psoas_l recfem_l sart_l semimem_l semiten_l soleus_l tfl_l tibant_l tibpost_l vasint_l vaslat_l vasmed_l piri_r 
 - Weight: 100
 - Exponent: 2
 - Range: 0.6, 1.4
 - Value: 0.442302

------------------------------------------------------------------------------
   Fobj = 754.802
------------------------------------------------------------------------------
Return false
fLatest_.at(0) - fOpt_ = 393.145 - 279.81 > 1e-05
------------------------------------------------------------------------------
 Objective Function: TorqueErrorNormalised
 - Targets Type: Torque
 - Targets: hip_flexion_r hip_adduction_r hip_rotation_r knee_angle_r ankle_angle_r 
 - Weight: 1
 - Exponent: 1
 - Value: 392.855
 -- Root Mean Square Errors
 --- Trial #1
 ---- hip_flexion_r: 156.597 Nm
 ---- hip_adduction_r: 73.4267 Nm
 ---- hip_rotation_r: 40.0337 Nm
 ---- knee_angle_r: 68.0533 Nm
 ---- ankle_angle_r: 44.2188 Nm

 Objective Function: Penalty
 - Targets Type: Normalised Fibre Length
 - Targets: addbrev_r addlong_r addmagDist_r addmagIsch_r addmagMid_r addmagProx_r bflh_r bfsh_r edl_r ehl_r fdl_r fhl_r gaslat_r gasmed_r glmax1_r glmax2_r glmax3_r glmed1_r glmed2_r glmed3_r glmin1_r glmin2_r glmin3_r grac_r iliacus_r perbrev_r perlong_r psoas_r recfem_r sart_r semimem_r semiten_r soleus_r tfl_r tibant_r tibpost_r vasint_r vaslat_r vasmed_r addbrev_l addlong_l addmagDist_l addmagIsch_l addmagMid_l addmagProx_l bflh_l bfsh_l edl_l ehl_l fdl_l fhl_l gaslat_l gasmed_l glmax1_l glmax2_l glmax3_l glmed1_l glmed2_l glmed3_l glmin1_l glmin2_l glmin3_l grac_l iliacus_l perbrev_l perlong_l psoas_l recfem_l sart_l semimem_l semiten_l soleus_l tfl_l tibant_l tibpost_l vasint_l vaslat_l vasmed_l piri_r 
 - Weight: 100
 - Exponent: 2
 - Range: 0.6, 1.4
 - Value: 0.289502

------------------------------------------------------------------------------
   Fobj = 393.145
------------------------------------------------------------------------------
Return false
fLatest_.at(0) - fOpt_ = 317.284 - 259.218 > 1e-05
------------------------------------------------------------------------------
 Objective Function: TorqueErrorNormalised
 - Targets Type: Torque
 - Targets: hip_flexion_r hip_adduction_r hip_rotation_r knee_angle_r ankle_angle_r 
 - Weight: 1
 - Exponent: 1
 - Value: 317.046
 -- Root Mean Square Errors
 --- Trial #1
 ---- hip_flexion_r: 113.547 Nm
 ---- hip_adduction_r: 67.7795 Nm
 ---- hip_rotation_r: 26.633 Nm
 ---- knee_angle_r: 70.3004 Nm
 ---- ankle_angle_r: 38.7861 Nm

 Objective Function: Penalty
 - Targets Type: Normalised Fibre Length
 - Targets: addbrev_r addlong_r addmagDist_r addmagIsch_r addmagMid_r addmagProx_r bflh_r bfsh_r edl_r ehl_r fdl_r fhl_r gaslat_r gasmed_r glmax1_r glmax2_r glmax3_r glmed1_r glmed2_r glmed3_r glmin1_r glmin2_r glmin3_r grac_r iliacus_r perbrev_r perlong_r psoas_r recfem_r sart_r semimem_r semiten_r soleus_r tfl_r tibant_r tibpost_r vasint_r vaslat_r vasmed_r addbrev_l addlong_l addmagDist_l addmagIsch_l addmagMid_l addmagProx_l bflh_l bfsh_l edl_l ehl_l fdl_l fhl_l gaslat_l gasmed_l glmax1_l glmax2_l glmax3_l glmed1_l glmed2_l glmed3_l glmin1_l glmin2_l glmin3_l grac_l iliacus_l perbrev_l perlong_l psoas_l recfem_l sart_l semimem_l semiten_l soleus_l tfl_l tibant_l tibpost_l vasint_l vaslat_l vasmed_l piri_r 
 - Weight: 100
 - Exponent: 2
 - Range: 0.6, 1.4
 - Value: 0.23871

------------------------------------------------------------------------------
   Fobj = 317.284
------------------------------------------------------------------------------
Return false
fLatest_.at(0) - fOpt_ = 241.751 - 218.223 > 1e-05
------------------------------------------------------------------------------
 Objective Function: TorqueErrorNormalised
 - Targets Type: Torque
 - Targets: hip_flexion_r hip_adduction_r hip_rotation_r knee_angle_r ankle_angle_r 
 - Weight: 1
 - Exponent: 1
 - Value: 241.551
 -- Root Mean Square Errors
 --- Trial #1
 ---- hip_flexion_r: 90.3176 Nm
 ---- hip_adduction_r: 51.9377 Nm
 ---- hip_rotation_r: 23.7324 Nm
 ---- knee_angle_r: 40.6042 Nm
 ---- ankle_angle_r: 34.9587 Nm

 Objective Function: Penalty
 - Targets Type: Normalised Fibre Length
 - Targets: addbrev_r addlong_r addmagDist_r addmagIsch_r addmagMid_r addmagProx_r bflh_r bfsh_r edl_r ehl_r fdl_r fhl_r gaslat_r gasmed_r glmax1_r glmax2_r glmax3_r glmed1_r glmed2_r glmed3_r glmin1_r glmin2_r glmin3_r grac_r iliacus_r perbrev_r perlong_r psoas_r recfem_r sart_r semimem_r semiten_r soleus_r tfl_r tibant_r tibpost_r vasint_r vaslat_r vasmed_r addbrev_l addlong_l addmagDist_l addmagIsch_l addmagMid_l addmagProx_l bflh_l bfsh_l edl_l ehl_l fdl_l fhl_l gaslat_l gasmed_l glmax1_l glmax2_l glmax3_l glmed1_l glmed2_l glmed3_l glmin1_l glmin2_l glmin3_l grac_l iliacus_l perbrev_l perlong_l psoas_l recfem_l sart_l semimem_l semiten_l soleus_l tfl_l tibant_l tibpost_l vasint_l vaslat_l vasmed_l piri_r 
 - Weight: 100
 - Exponent: 2
 - Range: 0.6, 1.4
 - Value: 0.200631

------------------------------------------------------------------------------
   Fobj = 241.751
------------------------------------------------------------------------------
Return false
fLatest_.at(0) - fOpt_ = 205.361 - 198.157 > 1e-05
------------------------------------------------------------------------------
 Objective Function: TorqueErrorNormalised
 - Targets Type: Torque
 - Targets: hip_flexion_r hip_adduction_r hip_rotation_r knee_angle_r ankle_angle_r 
 - Weight: 1
 - Exponent: 1
 - Value: 205.212
 -- Root Mean Square Errors
 --- Trial #1
 ---- hip_flexion_r: 75.7032 Nm
 ---- hip_adduction_r: 38.3218 Nm
 ---- hip_rotation_r: 23.3177 Nm
 ---- knee_angle_r: 36.9942 Nm
 ---- ankle_angle_r: 30.8751 Nm

 Objective Function: Penalty
 - Targets Type: Normalised Fibre Length
 - Targets: addbrev_r addlong_r addmagDist_r addmagIsch_r addmagMid_r addmagProx_r bflh_r bfsh_r edl_r ehl_r fdl_r fhl_r gaslat_r gasmed_r glmax1_r glmax2_r glmax3_r glmed1_r glmed2_r glmed3_r glmin1_r glmin2_r glmin3_r grac_r iliacus_r perbrev_r perlong_r psoas_r recfem_r sart_r semimem_r semiten_r soleus_r tfl_r tibant_r tibpost_r vasint_r vaslat_r vasmed_r addbrev_l addlong_l addmagDist_l addmagIsch_l addmagMid_l addmagProx_l bflh_l bfsh_l edl_l ehl_l fdl_l fhl_l gaslat_l gasmed_l glmax1_l glmax2_l glmax3_l glmed1_l glmed2_l glmed3_l glmin1_l glmin2_l glmin3_l grac_l iliacus_l perbrev_l perlong_l psoas_l recfem_l sart_l semimem_l semiten_l soleus_l tfl_l tibant_l tibpost_l vasint_l vaslat_l vasmed_l piri_r 
 - Weight: 100
 - Exponent: 2
 - Range: 0.6, 1.4
 - Value: 0.149075

------------------------------------------------------------------------------
   Fobj = 205.361
------------------------------------------------------------------------------
Return false
fLatest_.at(0) - fOpt_ = 181.349 - 175.698 > 1e-05
------------------------------------------------------------------------------
 Objective Function: TorqueErrorNormalised
 - Targets Type: Torque
 - Targets: hip_flexion_r hip_adduction_r hip_rotation_r knee_angle_r ankle_angle_r 
 - Weight: 1
 - Exponent: 1
 - Value: 181.143
 -- Root Mean Square Errors
 --- Trial #1
 ---- hip_flexion_r: 69.1456 Nm
 ---- hip_adduction_r: 37.3514 Nm
 ---- hip_rotation_r: 21.6313 Nm
 ---- knee_angle_r: 25.9181 Nm
 ---- ankle_angle_r: 27.097 Nm

 Objective Function: Penalty
 - Targets Type: Normalised Fibre Length
 - Targets: addbrev_r addlong_r addmagDist_r addmagIsch_r addmagMid_r addmagProx_r bflh_r bfsh_r edl_r ehl_r fdl_r fhl_r gaslat_r gasmed_r glmax1_r glmax2_r glmax3_r glmed1_r glmed2_r glmed3_r glmin1_r glmin2_r glmin3_r grac_r iliacus_r perbrev_r perlong_r psoas_r recfem_r sart_r semimem_r semiten_r soleus_r tfl_r tibant_r tibpost_r vasint_r vaslat_r vasmed_r addbrev_l addlong_l addmagDist_l addmagIsch_l addmagMid_l addmagProx_l bflh_l bfsh_l edl_l ehl_l fdl_l fhl_l gaslat_l gasmed_l glmax1_l glmax2_l glmax3_l glmed1_l glmed2_l glmed3_l glmin1_l glmin2_l glmin3_l grac_l iliacus_l perbrev_l perlong_l psoas_l recfem_l sart_l semimem_l semiten_l soleus_l tfl_l tibant_l tibpost_l vasint_l vaslat_l vasmed_l piri_r 
 - Weight: 100
 - Exponent: 2
 - Range: 0.6, 1.4
 - Value: 0.205898

------------------------------------------------------------------------------
   Fobj = 181.349
------------------------------------------------------------------------------
Return false
fLatest_.at(0) - fOpt_ = 169.44 - 166.857 > 1e-05
------------------------------------------------------------------------------
 Objective Function: TorqueErrorNormalised
 - Targets Type: Torque
 - Targets: hip_flexion_r hip_adduction_r hip_rotation_r knee_angle_r ankle_angle_r 
 - Weight: 1
 - Exponent: 1
 - Value: 169.381
 -- Root Mean Square Errors
 --- Trial #1
 ---- hip_flexion_r: 65.656 Nm
 ---- hip_adduction_r: 33.0512 Nm
 ---- hip_rotation_r: 22.378 Nm
 ---- knee_angle_r: 22.6261 Nm
 ---- ankle_angle_r: 25.6692 Nm

 Objective Function: Penalty
 - Targets Type: Normalised Fibre Length
 - Targets: addbrev_r addlong_r addmagDist_r addmagIsch_r addmagMid_r addmagProx_r bflh_r bfsh_r edl_r ehl_r fdl_r fhl_r gaslat_r gasmed_r glmax1_r glmax2_r glmax3_r glmed1_r glmed2_r glmed3_r glmin1_r glmin2_r glmin3_r grac_r iliacus_r perbrev_r perlong_r psoas_r recfem_r sart_r semimem_r semiten_r soleus_r tfl_r tibant_r tibpost_r vasint_r vaslat_r vasmed_r addbrev_l addlong_l addmagDist_l addmagIsch_l addmagMid_l addmagProx_l bflh_l bfsh_l edl_l ehl_l fdl_l fhl_l gaslat_l gasmed_l glmax1_l glmax2_l glmax3_l glmed1_l glmed2_l glmed3_l glmin1_l glmin2_l glmin3_l grac_l iliacus_l perbrev_l perlong_l psoas_l recfem_l sart_l semimem_l semiten_l soleus_l tfl_l tibant_l tibpost_l vasint_l vaslat_l vasmed_l piri_r 
 - Weight: 100
 - Exponent: 2
 - Range: 0.6, 1.4
 - Value: 0.203678

------------------------------------------------------------------------------
   Fobj = 169.584
------------------------------------------------------------------------------

Calibration finished.
Best solution found:
fOpt_ = 166.857
------------------------------------------------------------------------------
 Objective Function: TorqueErrorNormalised
 - Targets Type: Torque
 - Targets: hip_flexion_r hip_adduction_r hip_rotation_r knee_angle_r ankle_angle_r 
 - Weight: 1
 - Exponent: 1
 - Value: 166.67
 -- Root Mean Square Errors
 --- Trial #1
 ---- hip_flexion_r: 61.562 Nm
 ---- hip_adduction_r: 33.785 Nm
 ---- hip_rotation_r: 20.7493 Nm
 ---- knee_angle_r: 25.2871 Nm
 ---- ankle_angle_r: 25.2868 Nm

 Objective Function: Penalty
 - Targets Type: Normalised Fibre Length
 - Targets: addbrev_r addlong_r addmagDist_r addmagIsch_r addmagMid_r addmagProx_r bflh_r bfsh_r edl_r ehl_r fdl_r fhl_r gaslat_r gasmed_r glmax1_r glmax2_r glmax3_r glmed1_r glmed2_r glmed3_r glmin1_r glmin2_r glmin3_r grac_r iliacus_r perbrev_r perlong_r psoas_r recfem_r sart_r semimem_r semiten_r soleus_r tfl_r tibant_r tibpost_r vasint_r vaslat_r vasmed_r addbrev_l addlong_l addmagDist_l addmagIsch_l addmagMid_l addmagProx_l bflh_l bfsh_l edl_l ehl_l fdl_l fhl_l gaslat_l gasmed_l glmax1_l glmax2_l glmax3_l glmed1_l glmed2_l glmed3_l glmin1_l glmin2_l glmin3_l grac_l iliacus_l perbrev_l perlong_l psoas_l recfem_l sart_l semimem_l semiten_l soleus_l tfl_l tibant_l tibpost_l vasint_l vaslat_l vasmed_l piri_r 
 - Weight: 100
 - Exponent: 2
 - Range: 0.6, 1.4
 - Value: 0.205961

------------------------------------------------------------------------------
   Fobj = 166.876
------------------------------------------------------------------------------
total number of evaluations:206700
Reading subject file: E:\3-PhD\Data\MocapData\ElaboratedData\009\pre\ceinms\calibration\uncalibrated.xml .
Calibration time: 16minutes

