[2023-10-05 17:37:50.556] [info] Updating Model file from 20303 to latest format...
[2023-10-05 17:37:50.578] [info] Loaded model arm26 from file C:\Users\Biomech\Documents\OpenSim\4.4\Models\Arm26\arm26.osim
[2023-10-05 17:37:50.589] [info] ControllerSet 'Controllers' was renamed and is being reset to 'controllerset'.
[2023-10-05 17:37:50.590] [info] ComponentSet 'MiscComponents' was renamed and is being reset to 'componentset'.
[2023-10-05 17:38:23.059] [warning] ControlSetController::extendFinalizeFromProperties 'C:\Users\Biomech\Documents\OpenSim\4.4\Models\Arm26\OutputReference\ForwardDynamics\..\StaticOptimization\NonphysiologicalResults\arm26_StaticOptimization_controls.xml' loaded and will replace existing ControlSet 'Control Set'.
[2023-10-05 17:38:23.080] [warning] Running tool arm26...
[2023-10-05 17:38:23.080] [info] No external loads will be applied (external loads file not specified).
[2023-10-05 17:38:23.087] [warning] ControlSetController::extendFinalizeFromProperties 'C:\Users\Biomech\Documents\OpenSim\4.4\Models\Arm26\OutputReference\ForwardDynamics\..\StaticOptimization\NonphysiologicalResults\arm26_StaticOptimization_controls.xml' loaded and will replace existing ControlSet 'Control Set'.
[2023-10-05 17:38:23.093] [cout] [info] MODEL: arm26

numStates = 16
numCoordinates = 2
numSpeeds = 2
numActuators = 6
numBodies = 3
numConstraints = 0
numProbes = 0

ANALYSES (total: 2)
analysis[0] = Un-named analysis.
analysis[1] = Un-named analysis.

BODIES (total: 3)
body[0] = base. mass: 0
              moments of inertia:  ~[0,0,0]
              products of inertia: ~[0,0,0]
body[1] = r_humerus. mass: 1.86457
              moments of inertia:  ~[0.01481,0.004551,0.013193]
              products of inertia: ~[0,0,0]
body[2] = r_ulna_radius_hand. mass: 1.53432
              moments of inertia:  ~[0.019281,0.001571,0.020062]
              products of inertia: ~[0,0,0]

JOINTS (total: 3)
joint[0] = offset. parent: ground_offset, child: base_offset
joint[1] = r_shoulder. parent: base_offset, child: r_humerus_offset
joint[2] = r_elbow. parent: r_humerus_offset, child: r_ulna_radius_hand_offset

ACTUATORS (total: 6)
actuator[0] = TRIlong
actuator[1] = TRIlat
actuator[2] = TRImed
actuator[3] = BIClong
actuator[4] = BICshort
actuator[5] = BRA

STATES (total: 16)
y[0] = /jointset/r_shoulder/r_shoulder_elev/value
y[1] = /jointset/r_shoulder/r_shoulder_elev/speed
y[2] = /jointset/r_elbow/r_elbow_flex/value
y[3] = /jointset/r_elbow/r_elbow_flex/speed
y[4] = /forceset/TRIlong/activation
y[5] = /forceset/TRIlong/fiber_length
y[6] = /forceset/TRIlat/activation
y[7] = /forceset/TRIlat/fiber_length
y[8] = /forceset/TRImed/activation
y[9] = /forceset/TRImed/fiber_length
y[10] = /forceset/BIClong/activation
y[11] = /forceset/BIClong/fiber_length
y[12] = /forceset/BICshort/activation
y[13] = /forceset/BICshort/fiber_length
y[14] = /forceset/BRA/activation
y[15] = /forceset/BRA/fiber_length

[2023-10-05 17:38:23.093] [info] Integrating from 0.0 to 1.0.
[2023-10-05 17:38:23.549] [info] Printing results of investigation arm26 to C:\Users\Biomech\Documents\OpenSim\4.4\Models\Arm26\OutputReference\ForwardDynamics\NonphysiologicalResults
[2023-10-05 17:38:56.297] [warning] ControlSetController::extendFinalizeFromProperties 'C:\Users\Biomech\Documents\OpenSim\4.4\Models\Arm26\OutputReference\ForwardDynamics\arm26_Modified_controls.xml' loaded and will replace existing ControlSet 'Control Set'.
[2023-10-05 17:38:56.306] [warning] Running tool arm26...
[2023-10-05 17:38:56.306] [info] No external loads will be applied (external loads file not specified).
[2023-10-05 17:38:56.314] [warning] ControlSetController::extendFinalizeFromProperties 'C:\Users\Biomech\Documents\OpenSim\4.4\Models\Arm26\OutputReference\ForwardDynamics\arm26_Modified_controls.xml' loaded and will replace existing ControlSet 'Control Set'.
[2023-10-05 17:38:56.323] [cout] [info] MODEL: arm26

numStates = 16
numCoordinates = 2
numSpeeds = 2
numActuators = 6
numBodies = 3
numConstraints = 0
numProbes = 0

ANALYSES (total: 3)
analysis[0] = MuscleAnalysis
analysis[1] = Un-named analysis.
analysis[2] = Un-named analysis.

BODIES (total: 3)
body[0] = base. mass: 0
              moments of inertia:  ~[0,0,0]
              products of inertia: ~[0,0,0]
body[1] = r_humerus. mass: 1.86457
              moments of inertia:  ~[0.01481,0.004551,0.013193]
              products of inertia: ~[0,0,0]
body[2] = r_ulna_radius_hand. mass: 1.53432
              moments of inertia:  ~[0.019281,0.001571,0.020062]
              products of inertia: ~[0,0,0]

JOINTS (total: 3)
joint[0] = offset. parent: ground_offset, child: base_offset
joint[1] = r_shoulder. parent: base_offset, child: r_humerus_offset
joint[2] = r_elbow. parent: r_humerus_offset, child: r_ulna_radius_hand_offset

ACTUATORS (total: 6)
actuator[0] = TRIlong
actuator[1] = TRIlat
actuator[2] = TRImed
actuator[3] = BIClong
actuator[4] = BICshort
actuator[5] = BRA

STATES (total: 16)
y[0] = /jointset/r_shoulder/r_shoulder_elev/value
y[1] = /jointset/r_shoulder/r_shoulder_elev/speed
y[2] = /jointset/r_elbow/r_elbow_flex/value
y[3] = /jointset/r_elbow/r_elbow_flex/speed
y[4] = /forceset/TRIlong/activation
y[5] = /forceset/TRIlong/fiber_length
y[6] = /forceset/TRIlat/activation
y[7] = /forceset/TRIlat/fiber_length
y[8] = /forceset/TRImed/activation
y[9] = /forceset/TRImed/fiber_length
y[10] = /forceset/BIClong/activation
y[11] = /forceset/BIClong/fiber_length
y[12] = /forceset/BICshort/activation
y[13] = /forceset/BICshort/fiber_length
y[14] = /forceset/BRA/activation
y[15] = /forceset/BRA/fiber_length

[2023-10-05 17:38:56.323] [info] Integrating from -2.0e-08 to 1.0.
[2023-10-05 17:38:56.736] [info] Printing results of investigation arm26 to C:\Users\Biomech\Documents\OpenSim\4.4\Models\Arm26\OutputReference\ForwardDynamics\NonphysiologicalResults
[2023-10-05 17:39:14.075] [warning] Running tool Control Set...
[2023-10-05 17:39:14.075] [info] No external loads will be applied (external loads file not specified).
[2023-10-05 17:39:14.084] [cout] [info] MODEL: arm26

numStates = 16
numCoordinates = 2
numSpeeds = 2
numActuators = 6
numBodies = 3
numConstraints = 0
numProbes = 0

ANALYSES (total: 3)
analysis[0] = MuscleAnalysis
analysis[1] = Un-named analysis.
analysis[2] = Un-named analysis.

BODIES (total: 3)
body[0] = base. mass: 0
              moments of inertia:  ~[0,0,0]
              products of inertia: ~[0,0,0]
body[1] = r_humerus. mass: 1.86457
              moments of inertia:  ~[0.01481,0.004551,0.013193]
              products of inertia: ~[0,0,0]
body[2] = r_ulna_radius_hand. mass: 1.53432
              moments of inertia:  ~[0.019281,0.001571,0.020062]
              products of inertia: ~[0,0,0]

JOINTS (total: 3)
joint[0] = offset. parent: ground_offset, child: base_offset
joint[1] = r_shoulder. parent: base_offset, child: r_humerus_offset
joint[2] = r_elbow. parent: r_humerus_offset, child: r_ulna_radius_hand_offset

ACTUATORS (total: 6)
actuator[0] = TRIlong
actuator[1] = TRIlat
actuator[2] = TRImed
actuator[3] = BIClong
actuator[4] = BICshort
actuator[5] = BRA

STATES (total: 16)
y[0] = /jointset/r_shoulder/r_shoulder_elev/value
y[1] = /jointset/r_shoulder/r_shoulder_elev/speed
y[2] = /jointset/r_elbow/r_elbow_flex/value
y[3] = /jointset/r_elbow/r_elbow_flex/speed
y[4] = /forceset/TRIlong/activation
y[5] = /forceset/TRIlong/fiber_length
y[6] = /forceset/TRIlat/activation
y[7] = /forceset/TRIlat/fiber_length
y[8] = /forceset/TRImed/activation
y[9] = /forceset/TRImed/fiber_length
y[10] = /forceset/BIClong/activation
y[11] = /forceset/BIClong/fiber_length
y[12] = /forceset/BICshort/activation
y[13] = /forceset/BICshort/fiber_length
y[14] = /forceset/BRA/activation
y[15] = /forceset/BRA/fiber_length

[2023-10-05 17:39:14.084] [info] Integrating from 0.0 to 1.0.
[2023-10-05 17:39:14.322] [info] Printing results of investigation Control Set to C:\Users\Biomech\Documents\OpenSim\4.4\Models\Arm26\OutputReference\ForwardDynamics\.
[2023-10-05 17:40:13.108] [info] Storage: read data file = C:\Users\Biomech\Documents\OpenSim\4.4\Models\Arm26\OutputReference\InverseKinematics\arm26_InverseKinematics.mot (nr=121 nc=3)
[2023-10-05 17:40:15.850] [info] Loading coordinates from file 'C:\Users\Biomech\Documents\OpenSim\4.4\Models\Arm26\OutputReference\InverseKinematics\arm26_InverseKinematics.mot'.
[2023-10-05 17:40:15.850] [info] Storage: read data file = C:\Users\Biomech\Documents\OpenSim\4.4\Models\Arm26\OutputReference\InverseKinematics\arm26_InverseKinematics.mot (nr=121 nc=3)
[2023-10-05 17:40:15.850] [info] Low-pass filtering coordinates data with a cutoff frequency of 6.0...
[2023-10-05 17:40:15.869] [info] Found 241 state vectors with time stamps ranging from -0.5 to 1.5.
[2023-10-05 17:40:15.879] [info] No external loads will be applied (external loads file not specified).
[2023-10-05 17:40:15.889] [info] Executing the analyses from -2.0e-07 to 0.999999...
[2023-10-05 17:40:15.970] [cout] [info] time = -2.0e-07 Performance = 0.00152201 Constraint violation = 1.15911e-15
[2023-10-05 17:40:15.970] [info] Bounds for 'TRIlong': 0.01 to 1.0.
[2023-10-05 17:40:15.971] [info] Bounds for 'TRIlat': 0.01 to 1.0.
[2023-10-05 17:40:15.971] [info] Bounds for 'TRImed': 0.01 to 1.0.
[2023-10-05 17:40:15.971] [info] Bounds for 'BIClong': 0.01 to 1.0.
[2023-10-05 17:40:15.971] [info] Bounds for 'BICshort': 0.01 to 1.0.
[2023-10-05 17:40:15.971] [info] Bounds for 'BRA': 0.01 to 1.0.
[2023-10-05 17:40:16.021] [cout] [info] time = 0.00833313 Performance = 0.00309871 Constraint violation = 1.83103e-15
[2023-10-05 17:40:16.033] [cout] [info] time = 0.0166665 Performance = 0.00529684 Constraint violation = 1.29473e-15
[2023-10-05 17:40:16.045] [cout] [info] time = 0.0249998 Performance = 0.00800313 Constraint violation = 1.60119e-15
[2023-10-05 17:40:16.056] [cout] [info] time = 0.0333331 Performance = 0.0110348 Constraint violation = 2.67377e-15
[2023-10-05 17:40:16.065] [cout] [info] time = 0.0416664 Performance = 0.0141767 Constraint violation = 2.22045e-16
[2023-10-05 17:40:16.074] [cout] [info] time = 0.0499998 Performance = 0.0172985 Constraint violation = 9.15513e-16
[2023-10-05 17:40:16.084] [cout] [info] time = 0.0583331 Performance = 0.0200569 Constraint violation = 5.46721e-15
[2023-10-05 17:40:16.107] [cout] [info] time = 0.0666664 Performance = 0.0222317 Constraint violation = 1.83103e-15
[2023-10-05 17:40:16.120] [cout] [info] time = 0.0749998 Performance = 0.0240131 Constraint violation = 1.33227e-15
[2023-10-05 17:40:16.134] [cout] [info] time = 0.0833331 Performance = 0.025238 Constraint violation = 3.55404e-15
[2023-10-05 17:40:16.146] [cout] [info] time = 0.0916664 Performance = 0.0259317 Constraint violation = 2.0381e-15
[2023-10-05 17:40:16.157] [cout] [info] time = 0.0999998 Performance = 0.0261631 Constraint violation = 3.55445e-15
[2023-10-05 17:40:16.167] [cout] [info] time = 0.108333 Performance = 0.0260328 Constraint violation = 1.11022e-16
[2023-10-05 17:40:16.178] [cout] [info] time = 0.116666 Performance = 0.0256525 Constraint violation = 5.55112e-16
[2023-10-05 17:40:16.190] [cout] [info] time = 0.125 Performance = 0.0251348 Constraint violation = 1.83103e-15
[2023-10-05 17:40:16.199] [cout] [info] time = 0.133333 Performance = 0.0246808 Constraint violation = 1.98603e-15
[2023-10-05 17:40:16.209] [cout] [info] time = 0.141666 Performance = 0.0240746 Constraint violation = 3.55965e-15
[2023-10-05 17:40:16.219] [cout] [info] time = 0.15 Performance = 0.0236925 Constraint violation = 3.66205e-15
[2023-10-05 17:40:16.228] [cout] [info] time = 0.158333 Performance = 0.0235306 Constraint violation = 5.37054e-15
[2023-10-05 17:40:16.237] [cout] [info] time = 0.166666 Performance = 0.0234835 Constraint violation = 1.33227e-15
[2023-10-05 17:40:16.246] [cout] [info] time = 0.175 Performance = 0.023677 Constraint violation = 1.33227e-15
[2023-10-05 17:40:16.257] [cout] [info] time = 0.183333 Performance = 0.0239747 Constraint violation = 3.55271e-15
[2023-10-05 17:40:16.267] [cout] [info] time = 0.191666 Performance = 0.0245177 Constraint violation = 3.58036e-15
[2023-10-05 17:40:16.277] [cout] [info] time = 0.2 Performance = 0.0252169 Constraint violation = 3.55271e-15
[2023-10-05 17:40:16.288] [cout] [info] time = 0.208333 Performance = 0.0260346 Constraint violation = 8.88178e-16
[2023-10-05 17:40:16.305] [cout] [info] time = 0.216666 Performance = 0.0269395 Constraint violation = 8.88178e-16
[2023-10-05 17:40:16.315] [cout] [info] time = 0.225 Performance = 0.0278946 Constraint violation = 4.44089e-15
[2023-10-05 17:40:16.324] [cout] [info] time = 0.233333 Performance = 0.0288753 Constraint violation = 7.16072e-15
[2023-10-05 17:40:16.335] [cout] [info] time = 0.241666 Performance = 0.0298006 Constraint violation = 8.88178e-16
[2023-10-05 17:40:16.346] [cout] [info] time = 0.25 Performance = 0.0306938 Constraint violation = 1.09862e-14
[2023-10-05 17:40:16.355] [cout] [info] time = 0.258333 Performance = 0.0315866 Constraint violation = 7.10543e-15
[2023-10-05 17:40:16.365] [cout] [info] time = 0.266666 Performance = 0.0323579 Constraint violation = 0.0
[2023-10-05 17:40:16.376] [cout] [info] time = 0.275 Performance = 0.0329764 Constraint violation = 7.16072e-15
[2023-10-05 17:40:16.403] [cout] [info] time = 0.283333 Performance = 0.0335916 Constraint violation = 7.10543e-15
[2023-10-05 17:40:16.416] [cout] [info] time = 0.291666 Performance = 0.0341461 Constraint violation = 1.43214e-14
[2023-10-05 17:40:16.427] [cout] [info] time = 0.3 Performance = 0.0346524 Constraint violation = 7.5886e-15
[2023-10-05 17:40:16.439] [cout] [info] time = 0.308333 Performance = 0.0351239 Constraint violation = 3.55271e-15
[2023-10-05 17:40:16.450] [cout] [info] time = 0.316666 Performance = 0.0355733 Constraint violation = 1.77636e-15
[2023-10-05 17:40:16.463] [cout] [info] time = 0.325 Performance = 0.0360110 Constraint violation = 7.10543e-15
[2023-10-05 17:40:16.474] [cout] [info] time = 0.333333 Performance = 0.0364447 Constraint violation = 1.42109e-14
[2023-10-05 17:40:16.487] [cout] [info] time = 0.341666 Performance = 0.0368795 Constraint violation = 7.10543e-15
[2023-10-05 17:40:16.506] [cout] [info] time = 0.35 Performance = 0.037318 Constraint violation = 7.32411e-15
[2023-10-05 17:40:16.519] [cout] [info] time = 0.358333 Performance = 0.0377609 Constraint violation = 1.43214e-14
[2023-10-05 17:40:16.533] [cout] [info] time = 0.366666 Performance = 0.0382073 Constraint violation = 7.94411e-15
[2023-10-05 17:40:16.545] [cout] [info] time = 0.375 Performance = 0.0386558 Constraint violation = 1.43214e-14
[2023-10-05 17:40:16.556] [cout] [info] time = 0.383333 Performance = 0.0391043 Constraint violation = 7.10543e-15
[2023-10-05 17:40:16.568] [cout] [info] time = 0.391666 Performance = 0.0395511 Constraint violation = 2.13902e-14
[2023-10-05 17:40:16.579] [cout] [info] time = 0.4 Performance = 0.0399954 Constraint violation = 2.16103e-14
[2023-10-05 17:40:16.593] [cout] [info] time = 0.408333 Performance = 0.0404375 Constraint violation = 1.77636e-15
[2023-10-05 17:40:16.604] [cout] [info] time = 0.416666 Performance = 0.0408937 Constraint violation = 8.88178e-15
[2023-10-05 17:40:16.616] [cout] [info] time = 0.425 Performance = 0.041339 Constraint violation = 7.32411e-15
[2023-10-05 17:40:16.626] [cout] [info] time = 0.433333 Performance = 0.0417833 Constraint violation = 7.94411e-15
[2023-10-05 17:40:16.637] [cout] [info] time = 0.441666 Performance = 0.0422304 Constraint violation = 1.43214e-14
[2023-10-05 17:40:16.648] [cout] [info] time = 0.45 Performance = 0.0426569 Constraint violation = 1.42109e-14
[2023-10-05 17:40:16.658] [cout] [info] time = 0.458333 Performance = 0.0431128 Constraint violation = 7.10543e-15
[2023-10-05 17:40:16.670] [cout] [info] time = 0.466666 Performance = 0.0435765 Constraint violation = 0.0
[2023-10-05 17:40:16.681] [cout] [info] time = 0.475 Performance = 0.0440500 Constraint violation = 2.16103e-14
[2023-10-05 17:40:16.694] [cout] [info] time = 0.483333 Performance = 0.0445353 Constraint violation = 0.0
[2023-10-05 17:40:16.713] [cout] [info] time = 0.491666 Performance = 0.0450340 Constraint violation = 7.94411e-15
[2023-10-05 17:40:16.725] [cout] [info] time = 0.5 Performance = 0.0455531 Constraint violation = 0.0
[2023-10-05 17:40:16.738] [cout] [info] time = 0.508333 Performance = 0.0460981 Constraint violation = 2.13902e-14
[2023-10-05 17:40:16.750] [cout] [info] time = 0.516666 Performance = 0.0466609 Constraint violation = 1.77636e-15
[2023-10-05 17:40:16.762] [cout] [info] time = 0.525 Performance = 0.0472431 Constraint violation = 1.46482e-14
[2023-10-05 17:40:16.773] [cout] [info] time = 0.533333 Performance = 0.0478462 Constraint violation = 7.10543e-15
[2023-10-05 17:40:16.785] [cout] [info] time = 0.541666 Performance = 0.0484716 Constraint violation = 7.10543e-15
[2023-10-05 17:40:16.799] [cout] [info] time = 0.55 Performance = 0.0491361 Constraint violation = 1.77636e-15
[2023-10-05 17:40:16.808] [cout] [info] time = 0.558333 Performance = 0.0498036 Constraint violation = 8.88178e-15
[2023-10-05 17:40:16.818] [cout] [info] time = 0.566666 Performance = 0.0504945 Constraint violation = 1.42109e-14
[2023-10-05 17:40:16.829] [cout] [info] time = 0.575 Performance = 0.0512050 Constraint violation = 7.10543e-15
[2023-10-05 17:40:16.840] [cout] [info] time = 0.583333 Performance = 0.0519338 Constraint violation = 7.32411e-15
[2023-10-05 17:40:16.850] [cout] [info] time = 0.591666 Performance = 0.05268 Constraint violation = 7.32411e-15
[2023-10-05 17:40:16.860] [cout] [info] time = 0.6 Performance = 0.0534474 Constraint violation = 7.10543e-15
[2023-10-05 17:40:16.870] [cout] [info] time = 0.608333 Performance = 0.0542172 Constraint violation = 1.43214e-14
[2023-10-05 17:40:16.880] [cout] [info] time = 0.616666 Performance = 0.0549942 Constraint violation = 7.10543e-15
[2023-10-05 17:40:16.890] [cout] [info] time = 0.625 Performance = 0.0557758 Constraint violation = 1.77636e-15
[2023-10-05 17:40:16.907] [cout] [info] time = 0.633333 Performance = 0.0565629 Constraint violation = 7.94411e-15
[2023-10-05 17:40:16.919] [cout] [info] time = 0.641666 Performance = 0.0573504 Constraint violation = 0.0
[2023-10-05 17:40:16.930] [cout] [info] time = 0.65 Performance = 0.0581433 Constraint violation = 7.16072e-15
[2023-10-05 17:40:16.939] [cout] [info] time = 0.658333 Performance = 0.0589467 Constraint violation = 7.16072e-15
[2023-10-05 17:40:16.949] [cout] [info] time = 0.666666 Performance = 0.0597684 Constraint violation = 1.44585e-14
[2023-10-05 17:40:16.958] [cout] [info] time = 0.675 Performance = 0.0606364 Constraint violation = 7.32411e-15
[2023-10-05 17:40:16.967] [cout] [info] time = 0.683333 Performance = 0.0615065 Constraint violation = 2.16103e-14
[2023-10-05 17:40:16.973] [warning] AnalyzeTool::run() unable to equilibrate muscles at time = 0.691666. Reason: Model::equilibrateMuscles() Unable to compute equilibrium for this muscle.
Please verify that the initial activation is valid and that the length of the musculotendon actuator doesn't produce a pennation angle of 90 degrees or a negative fiber length.

  Solution error 0.527672 exceeds tolerance of 6.243e-06
  Newton iterations reached limit of 20
  Activation is 0.05
  Fiber length is nan

	In Object 'BIClong' of type Thelen2003Muscle.
	Thrown at Thelen2003Muscle.cpp:376 in computeInitialFiberEquilibrium()..
[2023-10-05 17:40:16.983] [cout] [info] time = 0.691666 Performance = 0.062432 Constraint violation = 0.0
[2023-10-05 17:40:16.994] [cout] [info] time = 0.7 Performance = 0.0632235 Constraint violation = 1.44585e-14
[2023-10-05 17:40:17.005] [cout] [info] time = 0.708333 Performance = 0.0639555 Constraint violation = 8.37906e-15
[2023-10-05 17:40:17.015] [cout] [info] time = 0.716666 Performance = 0.0647494 Constraint violation = 4.44089e-15
[2023-10-05 17:40:17.025] [cout] [info] time = 0.725 Performance = 0.0656165 Constraint violation = 3.55271e-15
[2023-10-05 17:40:17.034] [cout] [info] time = 0.733333 Performance = 0.0665696 Constraint violation = 3.55271e-15
[2023-10-05 17:40:17.043] [cout] [info] time = 0.741666 Performance = 0.067611 Constraint violation = 2.14822e-14
[2023-10-05 17:40:17.053] [cout] [info] time = 0.749999 Performance = 0.0688261 Constraint violation = 2.16103e-14
[2023-10-05 17:40:17.063] [cout] [info] time = 0.758333 Performance = 0.0700314 Constraint violation = 7.5886e-15
[2023-10-05 17:40:17.071] [cout] [info] time = 0.766666 Performance = 0.0713066 Constraint violation = 7.11929e-15
[2023-10-05 17:40:17.081] [cout] [info] time = 0.774999 Performance = 0.0726011 Constraint violation = 2.22045e-15
[2023-10-05 17:40:17.097] [cout] [info] time = 0.783333 Performance = 0.0739064 Constraint violation = 1.45469e-14
[2023-10-05 17:40:17.111] [cout] [info] time = 0.791666 Performance = 0.0750511 Constraint violation = 7.10543e-15
[2023-10-05 17:40:17.123] [cout] [info] time = 0.799999 Performance = 0.076187 Constraint violation = 7.75568e-15
[2023-10-05 17:40:17.134] [cout] [info] time = 0.808333 Performance = 0.0771705 Constraint violation = 8.88178e-16
[2023-10-05 17:40:17.144] [cout] [info] time = 0.816666 Performance = 0.0780439 Constraint violation = 2.1774e-14
[2023-10-05 17:40:17.154] [cout] [info] time = 0.824999 Performance = 0.0785851 Constraint violation = 7.44429e-15
[2023-10-05 17:40:17.164] [cout] [info] time = 0.833333 Performance = 0.0788679 Constraint violation = 2.13902e-14
[2023-10-05 17:40:17.174] [cout] [info] time = 0.841666 Performance = 0.0788898 Constraint violation = 4.88498e-15
[2023-10-05 17:40:17.184] [cout] [info] time = 0.849999 Performance = 0.0786678 Constraint violation = 8.15239e-15
[2023-10-05 17:40:17.293] [cout] [info] time = 0.858333 Performance = 0.0782106 Constraint violation = 7.13658e-15
[2023-10-05 17:40:17.307] [cout] [info] time = 0.866666 Performance = 0.0776396 Constraint violation = 7.11929e-15
[2023-10-05 17:40:17.319] [cout] [info] time = 0.874999 Performance = 0.0769986 Constraint violation = 1.07049e-14
[2023-10-05 17:40:17.330] [cout] [info] time = 0.883333 Performance = 0.0763814 Constraint violation = 7.5886e-15
[2023-10-05 17:40:17.342] [cout] [info] time = 0.891666 Performance = 0.0758884 Constraint violation = 1.44192e-14
[2023-10-05 17:40:17.353] [cout] [info] time = 0.899999 Performance = 0.0756254 Constraint violation = 3.92366e-15
[2023-10-05 17:40:17.364] [cout] [info] time = 0.908333 Performance = 0.0757020 Constraint violation = 2.13325e-14
[2023-10-05 17:40:17.374] [cout] [info] time = 0.916666 Performance = 0.0762195 Constraint violation = 2.50173e-14
[2023-10-05 17:40:17.386] [cout] [info] time = 0.924999 Performance = 0.0772728 Constraint violation = 6.38378e-16
[2023-10-05 17:40:17.459] [cout] [info] time = 0.933333 Performance = 0.0789463 Constraint violation = 7.29797e-15
[2023-10-05 17:40:17.474] [cout] [info] time = 0.941666 Performance = 0.0813088 Constraint violation = 1.77636e-15
[2023-10-05 17:40:17.487] [cout] [info] time = 0.949999 Performance = 0.0844131 Constraint violation = 2.16242e-14
[2023-10-05 17:40:17.507] [cout] [info] time = 0.958333 Performance = 0.0882878 Constraint violation = 7.17059e-15
[2023-10-05 17:40:17.526] [cout] [info] time = 0.966666 Performance = 0.0929341 Constraint violation = 2.498e-16
[2023-10-05 17:40:17.539] [cout] [info] time = 0.974999 Performance = 0.0983203 Constraint violation = 7.10629e-15
[2023-10-05 17:40:17.549] [cout] [info] time = 0.983333 Performance = 0.104377 Constraint violation = 5.44009e-15
[2023-10-05 17:40:17.561] [cout] [info] time = 0.991666 Performance = 0.110993 Constraint violation = 7.91944e-15
[2023-10-05 17:40:17.572] [cout] [info] time = 0.999999 Performance = 0.118019 Constraint violation = 1.42321e-14
[2023-10-05 17:40:17.572] [info] Printing results of investigation arm26 to C:\Users\Biomech\Documents\OpenSim\4.4\Models\Arm26\OutputReference\StaticOptimization\PhysiologicalResults
[2023-10-05 17:41:34.926] [warning] Running tool Control Set...
[2023-10-05 17:41:34.926] [info] No external loads will be applied (external loads file not specified).
[2023-10-05 17:41:34.934] [cout] [info] MODEL: arm26

numStates = 16
numCoordinates = 2
numSpeeds = 2
numActuators = 6
numBodies = 3
numConstraints = 0
numProbes = 0

ANALYSES (total: 3)
analysis[0] = MuscleAnalysis
analysis[1] = Un-named analysis.
analysis[2] = Un-named analysis.

BODIES (total: 3)
body[0] = base. mass: 0
              moments of inertia:  ~[0,0,0]
              products of inertia: ~[0,0,0]
body[1] = r_humerus. mass: 1.86457
              moments of inertia:  ~[0.01481,0.004551,0.013193]
              products of inertia: ~[0,0,0]
body[2] = r_ulna_radius_hand. mass: 1.53432
              moments of inertia:  ~[0.019281,0.001571,0.020062]
              products of inertia: ~[0,0,0]

JOINTS (total: 3)
joint[0] = offset. parent: ground_offset, child: base_offset
joint[1] = r_shoulder. parent: base_offset, child: r_humerus_offset
joint[2] = r_elbow. parent: r_humerus_offset, child: r_ulna_radius_hand_offset

ACTUATORS (total: 6)
actuator[0] = TRIlong
actuator[1] = TRIlat
actuator[2] = TRImed
actuator[3] = BIClong
actuator[4] = BICshort
actuator[5] = BRA

STATES (total: 16)
y[0] = /jointset/r_shoulder/r_shoulder_elev/value
y[1] = /jointset/r_shoulder/r_shoulder_elev/speed
y[2] = /jointset/r_elbow/r_elbow_flex/value
y[3] = /jointset/r_elbow/r_elbow_flex/speed
y[4] = /forceset/TRIlong/activation
y[5] = /forceset/TRIlong/fiber_length
y[6] = /forceset/TRIlat/activation
y[7] = /forceset/TRIlat/fiber_length
y[8] = /forceset/TRImed/activation
y[9] = /forceset/TRImed/fiber_length
y[10] = /forceset/BIClong/activation
y[11] = /forceset/BIClong/fiber_length
y[12] = /forceset/BICshort/activation
y[13] = /forceset/BICshort/fiber_length
y[14] = /forceset/BRA/activation
y[15] = /forceset/BRA/fiber_length

[2023-10-05 17:41:34.935] [info] Integrating from 0.0 to 1.0.
[2023-10-05 17:41:35.216] [info] Printing results of investigation Control Set to C:\Users\Biomech\Documents\OpenSim\4.4\Models\Arm26\OutputReference\ForwardDynamics\Bas
[2023-10-05 17:41:49.200] [info] Storage: read data file = C:\Users\Biomech\Documents\OpenSim\4.4\Models\Arm26\OutputReference\ForwardDynamics\Bas\Control Set_states.sto (nr=243 nc=17)
[2023-10-05 17:42:13.413] [warning] ControlSetController::extendFinalizeFromProperties 'C:\Users\Biomech\Documents\OpenSim\4.4\Models\Arm26\OutputReference\ForwardDynamics\..\StaticOptimization\NonphysiologicalResults\arm26_StaticOptimization_controls.xml' loaded and will replace existing ControlSet 'Control Set'.
[2023-10-05 17:42:13.422] [warning] Running tool arm26...
[2023-10-05 17:42:13.422] [info] No external loads will be applied (external loads file not specified).
[2023-10-05 17:42:13.428] [warning] ControlSetController::extendFinalizeFromProperties 'C:\Users\Biomech\Documents\OpenSim\4.4\Models\Arm26\OutputReference\ForwardDynamics\..\StaticOptimization\NonphysiologicalResults\arm26_StaticOptimization_controls.xml' loaded and will replace existing ControlSet 'Control Set'.
[2023-10-05 17:42:13.438] [cout] [info] MODEL: arm26

numStates = 16
numCoordinates = 2
numSpeeds = 2
numActuators = 6
numBodies = 3
numConstraints = 0
numProbes = 0

ANALYSES (total: 3)
analysis[0] = MuscleAnalysis
analysis[1] = Un-named analysis.
analysis[2] = Un-named analysis.

BODIES (total: 3)
body[0] = base. mass: 0
              moments of inertia:  ~[0,0,0]
              products of inertia: ~[0,0,0]
body[1] = r_humerus. mass: 1.86457
              moments of inertia:  ~[0.01481,0.004551,0.013193]
              products of inertia: ~[0,0,0]
body[2] = r_ulna_radius_hand. mass: 1.53432
              moments of inertia:  ~[0.019281,0.001571,0.020062]
              products of inertia: ~[0,0,0]

JOINTS (total: 3)
joint[0] = offset. parent: ground_offset, child: base_offset
joint[1] = r_shoulder. parent: base_offset, child: r_humerus_offset
joint[2] = r_elbow. parent: r_humerus_offset, child: r_ulna_radius_hand_offset

ACTUATORS (total: 6)
actuator[0] = TRIlong
actuator[1] = TRIlat
actuator[2] = TRImed
actuator[3] = BIClong
actuator[4] = BICshort
actuator[5] = BRA

STATES (total: 16)
y[0] = /jointset/r_shoulder/r_shoulder_elev/value
y[1] = /jointset/r_shoulder/r_shoulder_elev/speed
y[2] = /jointset/r_elbow/r_elbow_flex/value
y[3] = /jointset/r_elbow/r_elbow_flex/speed
y[4] = /forceset/TRIlong/activation
y[5] = /forceset/TRIlong/fiber_length
y[6] = /forceset/TRIlat/activation
y[7] = /forceset/TRIlat/fiber_length
y[8] = /forceset/TRImed/activation
y[9] = /forceset/TRImed/fiber_length
y[10] = /forceset/BIClong/activation
y[11] = /forceset/BIClong/fiber_length
y[12] = /forceset/BICshort/activation
y[13] = /forceset/BICshort/fiber_length
y[14] = /forceset/BRA/activation
y[15] = /forceset/BRA/fiber_length

[2023-10-05 17:42:13.438] [info] Integrating from 0.0 to 1.0.
[2023-10-05 17:42:13.802] [info] Printing results of investigation arm26 to C:\Users\Biomech\Documents\OpenSim\4.4\Models\Arm26\OutputReference\ForwardDynamics\Bas
[2023-10-05 17:42:31.920] [info] Storage: read data file = C:\Users\Biomech\Documents\OpenSim\4.4\Models\Arm26\OutputReference\ForwardDynamics\Bas\arm26_states.sto (nr=288 nc=17)
[2023-10-05 17:43:01.136] [info] ExternalLoads 'Ex1' was renamed and is being reset to 'externalloads'.
[2023-10-05 17:43:01.136] [info] ExternalLoads 'Ex2' was renamed and is being reset to 'externalloads'.
[2023-10-05 17:43:18.729] [info] ExternalLoads 'arm26' was renamed and is being reset to 'externalloads'.
[2023-10-05 17:43:18.729] [info] ExternalLoads 'Ex2' was renamed and is being reset to 'externalloads'.
